WARNING:root:Defaulting to PJRT_DEVICE=CPU
Using TT-Metal from wheel package: /__w/tt-xla/tt-xla/venv/lib/python3.11/site-packages/pjrt_plugin_tt/tt-metal
WARNING: TT plugin is setting XLA_STABLEHLO_COMPILE to 1. This is required for TT PJRT plugin to work correctly.
============================= test session starts ==============================
platform linux -- Python 3.11.13, pytest-8.4.2, pluggy-1.6.0 -- /__w/tt-xla/tt-xla/venv/bin/python
cachedir: .pytest_cache
rootdir: /__w/tt-xla/tt-xla
configfile: pytest.ini
plugins: split-0.10.0, forked-1.6.0, jaxtyping-0.3.2
collecting ... Workaround to exclude model: suryaocr from discovery. Issue #1166


[pytest-split] Splitting tests with algorithm: least_duration
[pytest-split] Running group 3/10 (estimated duration: 3916.33s)

collected 537 items / 502 deselected / 35 selected

tests/runner/test_models.py::test_all_models[dla/pytorch-dla34.in1k-full-inference] PASSED
tests/runner/test_models.py::test_all_models[densenet/pytorch-densenet161-full-inference] PASSED
tests/runner/test_models.py::test_all_models[densenet/pytorch-densenet201-full-inference] PASSED
tests/runner/test_models.py::test_all_models[vit/pytorch-base-full-inference] PASSED
tests/runner/test_models.py::test_all_models[dpr/question_encoder/pytorch-facebook/dpr-question_encoder-single-nq-base-full-inference] PASSED
tests/runner/test_models.py::test_all_models[swin/image_classification/pytorch-swin_s-full-inference] PASSED
tests/runner/test_models.py::test_all_models[yolov8/pytorch-yolov8n-full-inference] PASSED
tests/runner/test_models.py::test_all_models[wide_resnet/pytorch-wide_resnet101_2-full-inference] PASSED
tests/runner/test_models.py::test_all_models[wide_resnet/pytorch-wide_resnet101_2.timm-full-inference] PASSED
tests/runner/test_models.py::test_all_models[mistral/pytorch-ministral_3b_instruct-full-inference] PASSED
tests/runner/test_models.py::test_all_models[regnet/pytorch-regnet_x_800mf-full-inference] PASSED
tests/runner/test_models.py::test_all_models[mlp_mixer/pytorch-mixer_b16_224_miil_in21k-full-inference] FAILED
tests/runner/test_models.py::test_all_models[mlp_mixer/pytorch-mixer_s16_224-full-inference] PASSED
tests/runner/test_models.py::test_all_models[t5/pytorch-t5-small-full-inference] PASSED
tests/runner/test_models.py::test_all_models[segformer/pytorch-mit_b4-full-inference] PASSED
tests/runner/test_models.py::test_all_models[qwen_2_5_coder/pytorch-1_5b-full-inference] PASSED
tests/runner/test_models.py::test_all_models[qwen_3/causal_lm/pytorch-0_6b-full-inference] PASSED
tests/runner/test_models.py::test_all_models[albert/masked_lm/pytorch-xlarge_v1-full-inference] PASSED
tests/runner/test_models.py::test_all_models[yolov6/pytorch-yolov6s-full-inference] PASSED
tests/runner/test_models.py::test_all_models[vgg/pytorch-vgg19-full-inference] PASSED
tests/runner/test_models.py::test_all_models[vgg/pytorch-bn_vgg19b-full-inference] PASSED
tests/runner/test_models.py::test_all_models[nbeats/pytorch-generic_basis-full-inference] PASSED
tests/runner/test_models.py::test_all_models[opt/causal_lm/pytorch-facebook/opt-125m-full-inference] PASSED
tests/runner/test_models.py::test_all_models[phi2/sequence_classification/pytorch-microsoft/phi-2-full-inference] PASSED
tests/runner/test_models.py::test_all_models[deit/pytorch-tiny-full-inference] PASSED
tests/runner/test_models.py::test_all_models[stereo/pytorch-small-full-inference] PASSED
tests/runner/test_models.py::test_all_models[monodepth2/pytorch-stereo_1024x320-full-inference] PASSED
tests/runner/test_models.py::test_all_models[mobilenetv3/pytorch-mobilenet_v3_large-full-inference] PASSED
tests/runner/test_models.py::test_all_models[mobilenetv3/pytorch-mobilenetv3_small_100-full-inference] PASSED
tests/runner/test_models.py::test_all_models[resnet/pytorch-resnet50_timm-full-inference] PASSED
tests/runner/test_models.py::test_all_models[autoencoder/pytorch-linear-full-inference] PASSED
tests/runner/test_models.py::test_all_models[efficientnet/pytorch-efficientnet_b2-full-inference] PASSED
tests/runner/test_models.py::test_all_models[efficientnet/pytorch-efficientnet_b3-full-inference] PASSED
tests/runner/test_models.py::test_all_models[efficientnet/pytorch-hf_hub_timm_efficientnetv2_rw_s_ra2_in1k-full-inference] PASSED
tests/runner/test_models.py::test_all_models[resnext/pytorch-resnext101_64x4d_osmr-full-inference] PASSED
============================================================
DECOMPOSITION OPERATIONS LOG
============================================================
=== MODEL: dla/pytorch-dla34.in1k-full-inference ===
decomposition_core_aten: profiler._record_function_enter_new.default
decomposition_core_aten: aten.conv2d.default
decomposition_core_aten: aten._propagate_xla_data.default
decomposition_core_aten: aten.max_pool2d.default
decomposition_custom: adaptive_avg_pool2d.default
decomposition_default: _native_batch_norm_legit_no_training.default
decomposition_default: _native_batch_norm_legit.default
decomposition_default: _to_copy.default
decomposition_default: _adaptive_avg_pool2d.default
decomposition_custom: avg_pool2d.default
decomposition_core_aten: profiler._record_function_exit._RecordFunction

=== MODEL: densenet/pytorch-densenet161-full-inference ===
decomposition_core_aten: profiler._record_function_enter_new.default
decomposition_core_aten: aten.conv2d.default
decomposition_core_aten: aten._propagate_xla_data.default
decomposition_core_aten: aten.max_pool2d.default
decomposition_custom: adaptive_avg_pool2d.default
decomposition_core_aten: aten.linear.default
decomposition_default: _native_batch_norm_legit_no_training.default
decomposition_default: _native_batch_norm_legit.default
decomposition_default: _to_copy.default
decomposition_custom: avg_pool2d.default
decomposition_default: _adaptive_avg_pool2d.default
decomposition_default: t.default
decomposition_core_aten: aten.transpose.int
decomposition_default: addmm.default
decomposition_core_aten: profiler._record_function_exit._RecordFunction

=== MODEL: densenet/pytorch-densenet201-full-inference ===
decomposition_core_aten: profiler._record_function_enter_new.default
decomposition_core_aten: aten.conv2d.default
decomposition_core_aten: aten._propagate_xla_data.default
decomposition_core_aten: aten.max_pool2d.default
decomposition_custom: adaptive_avg_pool2d.default
decomposition_core_aten: aten.linear.default
decomposition_default: _native_batch_norm_legit_no_training.default
decomposition_default: _native_batch_norm_legit.default
decomposition_default: _to_copy.default
decomposition_custom: avg_pool2d.default
decomposition_default: _adaptive_avg_pool2d.default
decomposition_default: t.default
decomposition_core_aten: aten.transpose.int
decomposition_default: addmm.default
decomposition_core_aten: profiler._record_function_exit._RecordFunction

=== MODEL: vit/pytorch-base-full-inference ===
decomposition_core_aten: profiler._record_function_enter_new.default
decomposition_core_aten: aten.conv2d.default
decomposition_core_aten: aten.layer_norm.default
decomposition_core_aten: aten.var_mean.dim
decomposition_core_aten: aten.linear.default
decomposition_core_aten: aten.matmul.default
decomposition_core_aten: aten.softmax.int
decomposition_core_aten: aten.transpose.int
decomposition_default: native_layer_norm.default
decomposition_default: _to_copy.default
decomposition_default: t.default
decomposition_core_aten: aten._unsafe_view.default
decomposition_default: addmm.default
decomposition_core_aten: profiler._record_function_exit._RecordFunction

=== MODEL: dpr/question_encoder/pytorch-facebook/dpr-question_encoder-single-nq-base-full-inference ===
decomposition_core_aten: profiler._record_function_enter_new.default
decomposition_core_aten: aten._propagate_xla_data.default
decomposition_core_aten: aten.layer_norm.default
decomposition_core_aten: aten.var_mean.dim
decomposition_core_aten: aten.linear.default
decomposition_core_aten: aten.matmul.default
decomposition_core_aten: aten.softmax.int
decomposition_default: native_layer_norm.default
decomposition_default: _to_copy.default
decomposition_core_aten: aten.rsub.Scalar
decomposition_default: t.default
decomposition_core_aten: aten.transpose.int
decomposition_core_aten: aten._unsafe_view.default
decomposition_core_aten: profiler._record_function_exit._RecordFunction

=== MODEL: swin/image_classification/pytorch-swin_s-full-inference ===
decomposition_core_aten: profiler._record_function_enter_new.default
decomposition_core_aten: aten.conv2d.default
decomposition_core_aten: aten.layer_norm.default
decomposition_core_aten: aten.var_mean.dim
decomposition_core_aten: aten.pad.default
decomposition_core_aten: aten.linear.default
decomposition_core_aten: aten.matmul.default
decomposition_core_aten: aten.softmax.int
decomposition_core_aten: aten._propagate_xla_data.default
decomposition_custom: adaptive_avg_pool2d.default
decomposition_default: native_layer_norm.default
decomposition_default: _to_copy.default
decomposition_core_aten: aten._unsafe_view.default
decomposition_default: t.default
decomposition_core_aten: aten.transpose.int
decomposition_core_aten: aten.roll.default
decomposition_core_aten: aten.arange.default
decomposition_core_aten: aten.new_zeros.default
decomposition_default: full.default
decomposition_core_aten: aten.fill.Scalar
decomposition_default: slice_scatter.default
decomposition_core_aten: aten.floor_divide.default
decomposition_core_aten: aten.ones.default
decomposition_core_aten: aten._unsafe_masked_index.default
decomposition_default: _unsafe_index.Tensor
decomposition_default: masked_fill.Scalar
decomposition_core_aten: aten.where.ScalarSelf
decomposition_default: _adaptive_avg_pool2d.default
decomposition_custom: avg_pool2d.default
decomposition_default: addmm.default
decomposition_core_aten: profiler._record_function_exit._RecordFunction

=== MODEL: yolov8/pytorch-yolov8n-full-inference ===
decomposition_core_aten: profiler._record_function_enter_new.default
decomposition_core_aten: aten.conv2d.default
decomposition_core_aten: aten._propagate_xla_data.default
decomposition_core_aten: aten.max_pool2d.default
decomposition_custom: upsample_nearest2d.vec
decomposition_core_aten: aten.one_hot.default
decomposition_core_aten: aten.matmul.default
decomposition_core_aten: aten.softmax.int
decomposition_default: _native_batch_norm_legit_no_training.default
decomposition_default: _native_batch_norm_legit.default
decomposition_default: _to_copy.default
decomposition_core_aten: aten.silu.default
decomposition_default: split.Tensor
decomposition_custom: split_with_sizes.default
decomposition_core_aten: aten.arange.default
decomposition_core_aten: aten.transpose.int
decomposition_core_aten: profiler._record_function_exit._RecordFunction

=== MODEL: wide_resnet/pytorch-wide_resnet101_2-full-inference ===
decomposition_core_aten: profiler._record_function_enter_new.default
decomposition_core_aten: aten.conv2d.default
decomposition_core_aten: aten._propagate_xla_data.default
decomposition_core_aten: aten.max_pool2d.default
decomposition_custom: adaptive_avg_pool2d.default
decomposition_core_aten: aten.linear.default
decomposition_default: _native_batch_norm_legit_no_training.default
decomposition_default: _native_batch_norm_legit.default
decomposition_default: _to_copy.default
decomposition_default: _adaptive_avg_pool2d.default
decomposition_custom: avg_pool2d.default
decomposition_default: t.default
decomposition_core_aten: aten.transpose.int
decomposition_default: addmm.default
decomposition_core_aten: profiler._record_function_exit._RecordFunction

=== MODEL: wide_resnet/pytorch-wide_resnet101_2.timm-full-inference ===
decomposition_core_aten: profiler._record_function_enter_new.default
decomposition_core_aten: aten.conv2d.default
decomposition_core_aten: aten._propagate_xla_data.default
decomposition_core_aten: aten.max_pool2d.default
decomposition_custom: adaptive_avg_pool2d.default
decomposition_core_aten: aten.linear.default
decomposition_default: _native_batch_norm_legit_no_training.default
decomposition_default: _native_batch_norm_legit.default
decomposition_default: _to_copy.default
decomposition_default: _adaptive_avg_pool2d.default
decomposition_custom: avg_pool2d.default
decomposition_default: t.default
decomposition_core_aten: aten.transpose.int
decomposition_default: addmm.default
decomposition_core_aten: profiler._record_function_exit._RecordFunction

=== MODEL: mistral/pytorch-ministral_3b_instruct-full-inference ===
decomposition_core_aten: profiler._record_function_enter_new.default
decomposition_core_aten: aten.arange.start
decomposition_core_aten: profiler._record_function_exit._RecordFunction
decomposition_core_aten: profiler._record_function_enter_new.default
decomposition_default: full.default
decomposition_core_aten: aten.fill.Scalar
decomposition_core_aten: aten.arange.default
decomposition_core_aten: profiler._record_function_exit._RecordFunction
decomposition_core_aten: profiler._record_function_enter_new.default
decomposition_core_aten: aten.matmul.default
decomposition_core_aten: aten.linear.default
decomposition_core_aten: aten.softmax.int
decomposition_default: _to_copy.default
decomposition_core_aten: aten.transpose.int
decomposition_default: t.default
decomposition_core_aten: aten._unsafe_view.default
decomposition_core_aten: aten.silu.default
decomposition_core_aten: profiler._record_function_exit._RecordFunction
decomposition_core_aten: profiler._record_function_enter_new.default
decomposition_core_aten: aten.linear.default
decomposition_core_aten: aten.matmul.default
decomposition_core_aten: aten.transpose.int
decomposition_core_aten: aten._unsafe_view.default
decomposition_core_aten: profiler._record_function_exit._RecordFunction

=== MODEL: regnet/pytorch-regnet_x_800mf-full-inference ===
decomposition_core_aten: profiler._record_function_enter_new.default
decomposition_core_aten: aten.conv2d.default
decomposition_core_aten: aten._propagate_xla_data.default
decomposition_custom: adaptive_avg_pool2d.default
decomposition_core_aten: aten.linear.default
decomposition_default: _native_batch_norm_legit_no_training.default
decomposition_default: _native_batch_norm_legit.default
decomposition_default: _to_copy.default
decomposition_default: _adaptive_avg_pool2d.default
decomposition_custom: avg_pool2d.default
decomposition_default: t.default
decomposition_core_aten: aten.transpose.int
decomposition_default: addmm.default
decomposition_core_aten: profiler._record_function_exit._RecordFunction

=== MODEL: mlp_mixer/pytorch-mixer_b16_224_miil_in21k-full-inference ===
decomposition_core_aten: profiler._record_function_enter_new.default
decomposition_core_aten: aten.conv2d.default
decomposition_core_aten: aten.layer_norm.default
decomposition_core_aten: aten.var_mean.dim
decomposition_core_aten: aten.linear.default
decomposition_core_aten: aten.matmul.default
decomposition_core_aten: aten.transpose.int
decomposition_default: native_layer_norm.default
decomposition_default: _to_copy.default
decomposition_default: t.default
decomposition_core_aten: aten._unsafe_view.default
decomposition_default: addmm.default
decomposition_core_aten: profiler._record_function_exit._RecordFunction

=== MODEL: mlp_mixer/pytorch-mixer_s16_224-full-inference ===
decomposition_core_aten: profiler._record_function_enter_new.default
decomposition_core_aten: aten.conv2d.default
decomposition_core_aten: aten.layer_norm.default
decomposition_core_aten: aten.var_mean.dim
decomposition_core_aten: aten.linear.default
decomposition_core_aten: aten.matmul.default
decomposition_core_aten: aten.transpose.int
decomposition_default: native_layer_norm.default
decomposition_default: _to_copy.default
decomposition_default: t.default
decomposition_core_aten: aten._unsafe_view.default
decomposition_default: addmm.default
decomposition_core_aten: profiler._record_function_exit._RecordFunction

=== MODEL: t5/pytorch-t5-small-full-inference ===
decomposition_core_aten: profiler._record_function_enter_new.default
decomposition_core_aten: aten.linear.default
decomposition_core_aten: aten.matmul.default
decomposition_core_aten: aten.min.other
decomposition_core_aten: aten._propagate_xla_data.default
decomposition_core_aten: aten.softmax.int
decomposition_core_aten: aten.type_as.default
decomposition_core_aten: aten.arange.start
decomposition_default: _to_copy.default
decomposition_core_aten: aten.rsub.Scalar
decomposition_default: t.default
decomposition_core_aten: aten.transpose.int
decomposition_core_aten: aten._unsafe_view.default
decomposition_core_aten: aten.arange.default
decomposition_default: full.default
decomposition_core_aten: aten.fill.Scalar
decomposition_core_aten: aten.zeros_like.default
decomposition_core_aten: aten.zeros.default
decomposition_core_aten: profiler._record_function_exit._RecordFunction

=== MODEL: segformer/pytorch-mit_b4-full-inference ===
decomposition_core_aten: profiler._record_function_enter_new.default
decomposition_core_aten: aten.conv2d.default
decomposition_core_aten: aten.layer_norm.default
decomposition_core_aten: aten.var_mean.dim
decomposition_core_aten: aten.linear.default
decomposition_core_aten: aten.matmul.default
decomposition_core_aten: aten.softmax.int
decomposition_core_aten: aten.transpose.int
decomposition_default: native_layer_norm.default
decomposition_default: _to_copy.default
decomposition_default: t.default
decomposition_core_aten: aten._unsafe_view.default
decomposition_default: addmm.default
decomposition_core_aten: profiler._record_function_exit._RecordFunction

=== MODEL: qwen_2_5_coder/pytorch-1_5b-full-inference ===
decomposition_core_aten: profiler._record_function_enter_new.default
decomposition_core_aten: aten.arange.start
decomposition_core_aten: profiler._record_function_exit._RecordFunction
decomposition_core_aten: profiler._record_function_enter_new.default
decomposition_default: full.default
decomposition_core_aten: aten.fill.Scalar
decomposition_core_aten: aten.arange.default
decomposition_core_aten: profiler._record_function_exit._RecordFunction
decomposition_core_aten: profiler._record_function_enter_new.default
decomposition_core_aten: aten.matmul.default
decomposition_core_aten: aten.linear.default
decomposition_core_aten: aten.softmax.int
decomposition_default: _to_copy.default
decomposition_core_aten: aten.transpose.int
decomposition_default: t.default
decomposition_core_aten: aten._unsafe_view.default
decomposition_core_aten: aten.silu.default
decomposition_core_aten: profiler._record_function_exit._RecordFunction
decomposition_core_aten: profiler._record_function_enter_new.default
decomposition_core_aten: aten.linear.default
decomposition_core_aten: aten.matmul.default
decomposition_core_aten: aten.transpose.int
decomposition_core_aten: aten._unsafe_view.default
decomposition_core_aten: profiler._record_function_exit._RecordFunction

=== MODEL: qwen_3/causal_lm/pytorch-0_6b-full-inference ===
decomposition_core_aten: profiler._record_function_enter_new.default
decomposition_core_aten: aten.arange.start
decomposition_core_aten: profiler._record_function_exit._RecordFunction
decomposition_core_aten: profiler._record_function_enter_new.default
decomposition_default: full.default
decomposition_core_aten: aten.fill.Scalar
decomposition_core_aten: aten.arange.default
decomposition_core_aten: profiler._record_function_exit._RecordFunction
decomposition_core_aten: profiler._record_function_enter_new.default
decomposition_core_aten: aten.matmul.default
decomposition_core_aten: aten.linear.default
decomposition_core_aten: aten.softmax.int
decomposition_default: _to_copy.default
decomposition_core_aten: aten.transpose.int
decomposition_default: t.default
decomposition_core_aten: aten._unsafe_view.default
decomposition_core_aten: aten.silu.default
decomposition_core_aten: profiler._record_function_exit._RecordFunction
decomposition_core_aten: profiler._record_function_enter_new.default
decomposition_core_aten: aten.linear.default
decomposition_core_aten: aten.matmul.default
decomposition_core_aten: aten.transpose.int
decomposition_core_aten: aten._unsafe_view.default
decomposition_core_aten: profiler._record_function_exit._RecordFunction

=== MODEL: albert/masked_lm/pytorch-xlarge_v1-full-inference ===
decomposition_core_aten: profiler._record_function_enter_new.default
decomposition_core_aten: aten._propagate_xla_data.default
decomposition_core_aten: aten.layer_norm.default
decomposition_core_aten: aten.var_mean.dim
decomposition_core_aten: aten.linear.default
decomposition_core_aten: aten.matmul.default
decomposition_core_aten: aten.softmax.int
decomposition_default: native_layer_norm.default
decomposition_default: _to_copy.default
decomposition_core_aten: aten.rsub.Scalar
decomposition_default: t.default
decomposition_core_aten: aten.transpose.int
decomposition_core_aten: aten._unsafe_view.default
decomposition_core_aten: profiler._record_function_exit._RecordFunction

=== MODEL: yolov6/pytorch-yolov6s-full-inference ===
decomposition_core_aten: profiler._record_function_enter_new.default
decomposition_core_aten: aten.conv2d.default
decomposition_core_aten: aten._propagate_xla_data.default
decomposition_default: _native_batch_norm_legit_no_training.default
decomposition_default: _native_batch_norm_legit.default
decomposition_default: _to_copy.default
decomposition_core_aten: profiler._record_function_exit._RecordFunction
decomposition_core_aten: profiler._record_function_enter_new.default
decomposition_core_aten: aten.conv2d.default
decomposition_core_aten: aten._propagate_xla_data.default
decomposition_core_aten: profiler._record_function_exit._RecordFunction
decomposition_core_aten: profiler._record_function_enter_new.default
decomposition_core_aten: aten.conv2d.default
decomposition_core_aten: aten._propagate_xla_data.default
decomposition_core_aten: profiler._record_function_exit._RecordFunction
decomposition_core_aten: profiler._record_function_enter_new.default
decomposition_core_aten: aten.conv2d.default
decomposition_core_aten: aten._propagate_xla_data.default
decomposition_core_aten: profiler._record_function_exit._RecordFunction
decomposition_core_aten: profiler._record_function_enter_new.default
decomposition_core_aten: aten.conv2d.default
decomposition_core_aten: aten._propagate_xla_data.default
decomposition_core_aten: profiler._record_function_exit._RecordFunction
decomposition_core_aten: profiler._record_function_enter_new.default
decomposition_core_aten: aten.conv2d.default
decomposition_core_aten: aten._propagate_xla_data.default
decomposition_core_aten: profiler._record_function_exit._RecordFunction
decomposition_core_aten: profiler._record_function_enter_new.default
decomposition_core_aten: aten.conv2d.default
decomposition_core_aten: aten._propagate_xla_data.default
decomposition_core_aten: profiler._record_function_exit._RecordFunction
decomposition_core_aten: profiler._record_function_enter_new.default
decomposition_core_aten: aten.conv2d.default
decomposition_core_aten: aten._propagate_xla_data.default
decomposition_core_aten: aten.conv_transpose2d.input
decomposition_core_aten: profiler._record_function_exit._RecordFunction
decomposition_core_aten: profiler._record_function_enter_new.default
decomposition_core_aten: aten.conv2d.default
decomposition_core_aten: aten._propagate_xla_data.default
decomposition_core_aten: aten.silu.default
decomposition_default: split.Tensor
decomposition_custom: split_with_sizes.default
decomposition_core_aten: aten.ones.default
decomposition_default: full.default
decomposition_core_aten: aten.fill.Scalar
decomposition_core_aten: profiler._record_function_exit._RecordFunction

=== MODEL: vgg/pytorch-vgg19-full-inference ===
decomposition_core_aten: profiler._record_function_enter_new.default
decomposition_core_aten: aten.conv2d.default
decomposition_core_aten: aten._propagate_xla_data.default
decomposition_core_aten: aten.max_pool2d.default
decomposition_core_aten: aten.linear.default
decomposition_default: t.default
decomposition_core_aten: aten.transpose.int
decomposition_default: addmm.default
decomposition_default: _to_copy.default
decomposition_core_aten: profiler._record_function_exit._RecordFunction

=== MODEL: vgg/pytorch-bn_vgg19b-full-inference ===
decomposition_core_aten: profiler._record_function_enter_new.default
decomposition_core_aten: aten.conv2d.default
decomposition_core_aten: aten._propagate_xla_data.default
decomposition_core_aten: aten.max_pool2d.default
decomposition_core_aten: aten.linear.default
decomposition_default: _native_batch_norm_legit_no_training.default
decomposition_default: _native_batch_norm_legit.default
decomposition_default: _to_copy.default
decomposition_default: t.default
decomposition_core_aten: aten.transpose.int
decomposition_default: addmm.default
decomposition_core_aten: profiler._record_function_exit._RecordFunction

=== MODEL: nbeats/pytorch-generic_basis-full-inference ===
decomposition_core_aten: profiler._record_function_enter_new.default
decomposition_core_aten: aten.linear.default
decomposition_core_aten: aten.squeeze.dim
decomposition_default: squeeze.dims
decomposition_custom: squeeze.default
decomposition_default: t.default
decomposition_core_aten: aten.transpose.int
decomposition_default: addmm.default
decomposition_default: _to_copy.default
decomposition_core_aten: profiler._record_function_exit._RecordFunction

=== MODEL: opt/causal_lm/pytorch-facebook/opt-125m-full-inference ===
decomposition_core_aten: profiler._record_function_enter_new.default
decomposition_core_aten: aten._propagate_xla_data.default
decomposition_core_aten: aten.layer_norm.default
decomposition_core_aten: aten.var_mean.dim
decomposition_core_aten: aten.linear.default
decomposition_core_aten: aten.matmul.default
decomposition_core_aten: aten.softmax.int
decomposition_core_aten: aten.arange.start
decomposition_default: full.default
decomposition_core_aten: aten.fill.Scalar
decomposition_core_aten: aten.triu.default
decomposition_core_aten: aten.arange.default
decomposition_core_aten: aten.where.ScalarOther
decomposition_default: _to_copy.default
decomposition_default: masked_fill.Scalar
decomposition_core_aten: aten.where.ScalarSelf
decomposition_default: slice_scatter.default
decomposition_default: native_layer_norm.default
decomposition_default: t.default
decomposition_core_aten: aten.transpose.int
decomposition_core_aten: aten._unsafe_view.default
decomposition_default: addmm.default
decomposition_core_aten: profiler._record_function_exit._RecordFunction

=== MODEL: phi2/sequence_classification/pytorch-microsoft/phi-2-full-inference ===
decomposition_core_aten: profiler._record_function_enter_new.default
decomposition_core_aten: aten._propagate_xla_data.default
decomposition_core_aten: aten.matmul.default
decomposition_core_aten: aten.layer_norm.default
decomposition_core_aten: aten.var_mean.dim
decomposition_core_aten: aten.linear.default
decomposition_core_aten: aten.softmax.int
decomposition_core_aten: aten.arange.start
decomposition_default: full.default
decomposition_core_aten: aten.fill.Scalar
decomposition_core_aten: aten.triu.default
decomposition_core_aten: aten.arange.default
decomposition_core_aten: aten.where.ScalarOther
decomposition_default: _to_copy.default
decomposition_default: masked_fill.Scalar
decomposition_core_aten: aten.where.ScalarSelf
decomposition_default: slice_scatter.default
decomposition_core_aten: aten.transpose.int
decomposition_default: native_layer_norm.default
decomposition_default: t.default
decomposition_core_aten: aten._unsafe_view.default
decomposition_core_aten: profiler._record_function_exit._RecordFunction

=== MODEL: deit/pytorch-tiny-full-inference ===
decomposition_core_aten: profiler._record_function_enter_new.default
decomposition_core_aten: aten.conv2d.default
decomposition_core_aten: aten.layer_norm.default
decomposition_core_aten: aten.var_mean.dim
decomposition_core_aten: aten.linear.default
decomposition_core_aten: aten.matmul.default
decomposition_core_aten: aten.softmax.int
decomposition_core_aten: aten.transpose.int
decomposition_default: native_layer_norm.default
decomposition_default: _to_copy.default
decomposition_default: t.default
decomposition_core_aten: aten._unsafe_view.default
decomposition_default: addmm.default
decomposition_core_aten: profiler._record_function_exit._RecordFunction

=== MODEL: stereo/pytorch-small-full-inference ===
decomposition_core_aten: profiler._record_function_enter_new.default
decomposition_core_aten: aten.linear.default
decomposition_core_aten: aten.matmul.default
decomposition_core_aten: aten.min.other
decomposition_core_aten: aten._propagate_xla_data.default
decomposition_core_aten: aten.softmax.int
decomposition_core_aten: aten.type_as.default
decomposition_core_aten: aten.layer_norm.default
decomposition_core_aten: aten.var_mean.dim
decomposition_core_aten: aten.arange.start
decomposition_default: _to_copy.default
decomposition_core_aten: aten.rsub.Scalar
decomposition_default: t.default
decomposition_core_aten: aten.transpose.int
decomposition_core_aten: aten._unsafe_view.default
decomposition_core_aten: aten.arange.default
decomposition_default: masked_fill.Scalar
decomposition_core_aten: aten.where.ScalarSelf
decomposition_core_aten: aten.detach.default
decomposition_default: native_layer_norm.default
decomposition_core_aten: aten.stack.default
decomposition_core_aten: profiler._record_function_exit._RecordFunction

=== MODEL: monodepth2/pytorch-stereo_1024x320-full-inference ===
decomposition_core_aten: profiler._record_function_enter_new.default
decomposition_core_aten: aten.conv2d.default
decomposition_core_aten: aten._propagate_xla_data.default
decomposition_core_aten: aten.max_pool2d.default
decomposition_core_aten: aten.pad.default
decomposition_custom: upsample_nearest2d.vec
decomposition_core_aten: aten.one_hot.default
decomposition_core_aten: aten.matmul.default
decomposition_default: _native_batch_norm_legit_no_training.default
decomposition_default: _native_batch_norm_legit.default
decomposition_default: _to_copy.default
decomposition_core_aten: aten.reflection_pad2d.default
decomposition_core_aten: aten.arange.start
decomposition_core_aten: aten.rsub.Scalar
decomposition_default: _unsafe_index.Tensor
decomposition_core_aten: aten.elu.default
decomposition_core_aten: aten.arange.default
decomposition_core_aten: aten.transpose.int
decomposition_core_aten: profiler._record_function_exit._RecordFunction

=== MODEL: mobilenetv3/pytorch-mobilenet_v3_large-full-inference ===
decomposition_core_aten: profiler._record_function_enter_new.default
decomposition_core_aten: aten.conv2d.default
decomposition_core_aten: aten._propagate_xla_data.default
decomposition_custom: adaptive_avg_pool2d.default
decomposition_core_aten: aten.linear.default
decomposition_default: _native_batch_norm_legit_no_training.default
decomposition_default: _native_batch_norm_legit.default
decomposition_default: _to_copy.default
decomposition_core_aten: aten.hardswish.default
decomposition_default: _adaptive_avg_pool2d.default
decomposition_custom: avg_pool2d.default
decomposition_core_aten: aten.hardsigmoid.default
decomposition_default: t.default
decomposition_core_aten: aten.transpose.int
decomposition_default: addmm.default
decomposition_core_aten: profiler._record_function_exit._RecordFunction

=== MODEL: mobilenetv3/pytorch-mobilenetv3_small_100-full-inference ===
decomposition_core_aten: profiler._record_function_enter_new.default
decomposition_core_aten: aten.conv2d.default
decomposition_core_aten: aten._propagate_xla_data.default
decomposition_custom: adaptive_avg_pool2d.default
decomposition_core_aten: aten.linear.default
decomposition_default: _native_batch_norm_legit_no_training.default
decomposition_default: _native_batch_norm_legit.default
decomposition_default: _to_copy.default
decomposition_core_aten: aten.hardswish.default
decomposition_core_aten: aten.hardsigmoid.default
decomposition_default: _adaptive_avg_pool2d.default
decomposition_custom: avg_pool2d.default
decomposition_default: t.default
decomposition_core_aten: aten.transpose.int
decomposition_default: addmm.default
decomposition_core_aten: profiler._record_function_exit._RecordFunction

=== MODEL: resnet/pytorch-resnet50_timm-full-inference ===
decomposition_core_aten: profiler._record_function_enter_new.default
decomposition_core_aten: aten.conv2d.default
decomposition_core_aten: aten._propagate_xla_data.default
decomposition_core_aten: aten.max_pool2d.default
decomposition_custom: adaptive_avg_pool2d.default
decomposition_core_aten: aten.linear.default
decomposition_default: _native_batch_norm_legit_no_training.default
decomposition_default: _native_batch_norm_legit.default
decomposition_default: _to_copy.default
decomposition_default: _adaptive_avg_pool2d.default
decomposition_custom: avg_pool2d.default
decomposition_default: t.default
decomposition_core_aten: aten.transpose.int
decomposition_default: addmm.default
decomposition_core_aten: profiler._record_function_exit._RecordFunction

=== MODEL: autoencoder/pytorch-linear-full-inference ===
decomposition_core_aten: profiler._record_function_enter_new.default
decomposition_core_aten: aten.linear.default
decomposition_default: t.default
decomposition_core_aten: aten.transpose.int
decomposition_default: addmm.default
decomposition_default: _to_copy.default
decomposition_core_aten: profiler._record_function_exit._RecordFunction

=== MODEL: efficientnet/pytorch-efficientnet_b2-full-inference ===
decomposition_core_aten: profiler._record_function_enter_new.default
decomposition_core_aten: aten.conv2d.default
decomposition_core_aten: aten._propagate_xla_data.default
decomposition_custom: adaptive_avg_pool2d.default
decomposition_core_aten: aten.linear.default
decomposition_default: _native_batch_norm_legit_no_training.default
decomposition_default: _native_batch_norm_legit.default
decomposition_default: _to_copy.default
decomposition_core_aten: aten.silu.default
decomposition_default: _adaptive_avg_pool2d.default
decomposition_custom: avg_pool2d.default
decomposition_default: t.default
decomposition_core_aten: aten.transpose.int
decomposition_default: addmm.default
decomposition_core_aten: profiler._record_function_exit._RecordFunction

=== MODEL: efficientnet/pytorch-efficientnet_b3-full-inference ===
decomposition_core_aten: profiler._record_function_enter_new.default
decomposition_core_aten: aten.conv2d.default
decomposition_core_aten: aten._propagate_xla_data.default
decomposition_custom: adaptive_avg_pool2d.default
decomposition_core_aten: aten.linear.default
decomposition_default: _native_batch_norm_legit_no_training.default
decomposition_default: _native_batch_norm_legit.default
decomposition_default: _to_copy.default
decomposition_core_aten: aten.silu.default
decomposition_default: _adaptive_avg_pool2d.default
decomposition_custom: avg_pool2d.default
decomposition_default: t.default
decomposition_core_aten: aten.transpose.int
decomposition_default: addmm.default
decomposition_core_aten: profiler._record_function_exit._RecordFunction

=== MODEL: efficientnet/pytorch-hf_hub_timm_efficientnetv2_rw_s_ra2_in1k-full-inference ===
decomposition_core_aten: profiler._record_function_enter_new.default
decomposition_core_aten: aten.conv2d.default
decomposition_core_aten: aten._propagate_xla_data.default
decomposition_custom: adaptive_avg_pool2d.default
decomposition_core_aten: aten.linear.default
decomposition_default: _native_batch_norm_legit_no_training.default
decomposition_default: _native_batch_norm_legit.default
decomposition_default: _to_copy.default
decomposition_core_aten: aten.silu.default
decomposition_default: _adaptive_avg_pool2d.default
decomposition_custom: avg_pool2d.default
decomposition_default: t.default
decomposition_core_aten: aten.transpose.int
decomposition_default: addmm.default
decomposition_core_aten: profiler._record_function_exit._RecordFunction

=== MODEL: resnext/pytorch-resnext101_64x4d_osmr-full-inference ===
decomposition_core_aten: profiler._record_function_enter_new.default
decomposition_core_aten: aten.conv2d.default
decomposition_core_aten: aten._propagate_xla_data.default
decomposition_core_aten: aten.max_pool2d.default
decomposition_core_aten: aten.linear.default
decomposition_default: _native_batch_norm_legit_no_training.default
decomposition_default: _native_batch_norm_legit.default
decomposition_default: _to_copy.default
decomposition_custom: avg_pool2d.default
decomposition_default: t.default
decomposition_core_aten: aten.transpose.int
decomposition_default: addmm.default
decomposition_core_aten: profiler._record_function_exit._RecordFunction
============================================================



=================================== FAILURES ===================================
__ test_all_models[mlp_mixer/pytorch-mixer_b16_224_miil_in21k-full-inference] __
device_output = tensor([[ 0.44336, -0.71094,  1.71094,  ...,  0.33008, -0.51562, -0.30078]])
golden_output = tensor([[ 0.60547, -1.10938,  1.42969,  ...,  0.00702, -0.89453, -0.35156]])
pcc_config = PccConfig(enabled=True, required_pcc=0.97, allclose=AllcloseConfig(enabled=True, rtol=0.01, atol=0.01))

    @staticmethod
    @run_on_cpu(Framework.TORCH)
    def _compare_pcc(
        device_output: PyTree, golden_output: PyTree, pcc_config: PccConfig
    ) -> None:
        def compute_pcc(x: torch.Tensor, y: torch.Tensor):
            x_flat, y_flat = x.flatten(), y.flatten()
            vx, vy = x_flat - x_flat.mean(), y_flat - y_flat.mean()
            denom = vx.norm() * vy.norm()

            return torch.tensor(float("nan")) if denom == 0 else (vx @ vy) / denom

        # If tensors are really close, pcc will be nan. Handle that before calculating
        # pcc.
        try:
>           TorchComparator._compare_allclose(
                device_output, golden_output, pcc_config.allclose
            )

tests/infra/comparators/torch_comparator.py:70:
_ _ _ _ _ _ _ _ _ _ _ _ _ _ _ _ _ _ _ _ _ _ _ _ _ _ _ _ _ _ _ _ _ _ _ _ _ _ _ _
tests/infra/runners/utils.py:41: in wrapper
    return runner.run_on_cpu(workload)
           ^^^^^^^^^^^^^^^^^^^^^^^^^^^
tests/infra/runners/device_runner.py:26: in run_on_cpu
    return self.run_on_device(workload, DeviceType.CPU)
           ^^^^^^^^^^^^^^^^^^^^^^^^^^^^^^^^^^^^^^^^^^^^
tests/infra/runners/device_runner.py:40: in run_on_device
    return self._run_on_device(device_workload, device)
           ^^^^^^^^^^^^^^^^^^^^^^^^^^^^^^^^^^^^^^^^^^^^
tests/infra/runners/torch_device_runner.py:25: in _run_on_device
    return workload.execute()
           ^^^^^^^^^^^^^^^^^^
tests/infra/workloads/workload.py:68: in execute
    return self.executable(*self.args, **self.kwargs)
           ^^^^^^^^^^^^^^^^^^^^^^^^^^^^^^^^^^^^^^^^^^
_ _ _ _ _ _ _ _ _ _ _ _ _ _ _ _ _ _ _ _ _ _ _ _ _ _ _ _ _ _ _ _ _ _ _ _ _ _ _ _

device_output = tensor([[ 0.44336, -0.71094,  1.71094,  ...,  0.33008, -0.51562, -0.30078]])
golden_output = tensor([[ 0.60547, -1.10938,  1.42969,  ...,  0.00702, -0.89453, -0.35156]])
allclose_config = AllcloseConfig(enabled=True, rtol=0.01, atol=0.01)

    @staticmethod
    @run_on_cpu(Framework.TORCH)
    def _compare_allclose(
        device_output: PyTree,
        golden_output: PyTree,
        allclose_config: AllcloseConfig,
    ) -> None:
        all_close = tree_map(
            lambda x, y: torch.allclose(
                x, y, rtol=allclose_config.rtol, atol=allclose_config.atol
            ),
            device_output,
            golden_output,
        )
        flat_close, _ = tree_flatten(all_close)
>       assert all(flat_close), (
               ^^^^^^^^^^^^^^^
            f"Allclose comparison failed. "
            f"Required: atol={allclose_config.atol}, rtol={allclose_config.rtol}."
        )
E       AssertionError: Allclose comparison failed. Required: atol=0.01, rtol=0.01.

tests/infra/comparators/torch_comparator.py:98: AssertionError

During handling of the above exception, another exception occurred:

test_entry = ModelTestEntry(path='/__w/tt-xla/tt-xla/third_party/tt_forge_models/mlp_mixer/pytorch/loader.py', variant_info=(<Model...MIXER_B16_224_MIIL_IN21K: 'mixer_b16_224_miil_in21k'>, <class 'tt-forge-models.mlp_mixer.pytorch.loader.ModelLoader'>))
run_mode = <RunMode.INFERENCE: 'inference'>, op_by_op = None
record_property = <function record_property.<locals>.append_property at 0x7efd214a5da0>
test_metadata = <tests.runner.test_utils.ModelTestConfig object at 0x7efd214073d0>
request = <FixtureRequest for <Function test_all_models[mlp_mixer/pytorch-mixer_b16_224_miil_in21k-full-inference]>>
capfd = <_pytest.capture.CaptureFixture object at 0x7efdb8917c10>

    @pytest.mark.model_test
    @pytest.mark.no_auto_properties
    @pytest.mark.parametrize(
        "run_mode",
        [RunMode.INFERENCE],
        ids=["inference"],
    )
    @pytest.mark.parametrize(
        "op_by_op",
        [None],
        ids=["full"],  # When op-by-op flow is required/supported, add here.
    )
    @pytest.mark.parametrize(
        "test_entry",
        test_entries,
        ids=create_test_id_generator(MODELS_ROOT),
    )
    def test_all_models(
        test_entry, run_mode, op_by_op, record_property, test_metadata, request, capfd
    ):

        loader_path = test_entry.path
        variant, ModelLoader = test_entry.variant_info

        # Ensure per-model requirements are installed, and roll back after the test
        with RequirementsManager.for_loader(loader_path):

            # Get the model loader and model info from desired model, variant.
            loader = ModelLoader(variant=variant)
            model_info = ModelLoader.get_model_info(variant=variant)
            print(f"Running {request.node.nodeid} - {model_info.name}", flush=True)

            succeeded = False
            try:
                # Only run the actual model test if not marked for skip. The record properties
                # function in finally block will always be called and handles the pytest.skip.
                if test_metadata.status != ModelTestStatus.NOT_SUPPORTED_SKIP:
                    tester = DynamicTorchModelTester(
                        run_mode,
                        loader=loader,
                        comparison_config=test_metadata.to_comparison_config(),
                    )

>                   tester.test()

tests/runner/test_models.py:69:
_ _ _ _ _ _ _ _ _ _ _ _ _ _ _ _ _ _ _ _ _ _ _ _ _ _ _ _ _ _ _ _ _ _ _ _ _ _ _ _
tests/infra/testers/single_chip/model/model_tester.py:115: in test
    self._test_inference()
tests/infra/testers/single_chip/model/model_tester.py:130: in _test_inference
    self._compare(tt_res, cpu_res)
tests/infra/testers/single_chip/model/model_tester.py:142: in _compare
    self._comparator.compare(device_out, golden_out)
tests/infra/comparators/comparator.py:38: in compare
    self._compare_pcc(device_output, golden_output, self._comparison_config.pcc)
tests/infra/runners/utils.py:41: in wrapper
    return runner.run_on_cpu(workload)
           ^^^^^^^^^^^^^^^^^^^^^^^^^^^
tests/infra/runners/device_runner.py:26: in run_on_cpu
    return self.run_on_device(workload, DeviceType.CPU)
           ^^^^^^^^^^^^^^^^^^^^^^^^^^^^^^^^^^^^^^^^^^^^
tests/infra/runners/device_runner.py:40: in run_on_device
    return self._run_on_device(device_workload, device)
           ^^^^^^^^^^^^^^^^^^^^^^^^^^^^^^^^^^^^^^^^^^^^
tests/infra/runners/torch_device_runner.py:25: in _run_on_device
    return workload.execute()
           ^^^^^^^^^^^^^^^^^^
tests/infra/workloads/workload.py:68: in execute
    return self.executable(*self.args, **self.kwargs)
           ^^^^^^^^^^^^^^^^^^^^^^^^^^^^^^^^^^^^^^^^^^
_ _ _ _ _ _ _ _ _ _ _ _ _ _ _ _ _ _ _ _ _ _ _ _ _ _ _ _ _ _ _ _ _ _ _ _ _ _ _ _

device_output = tensor([[ 0.44336, -0.71094,  1.71094,  ...,  0.33008, -0.51562, -0.30078]])
golden_output = tensor([[ 0.60547, -1.10938,  1.42969,  ...,  0.00702, -0.89453, -0.35156]])
pcc_config = PccConfig(enabled=True, required_pcc=0.97, allclose=AllcloseConfig(enabled=True, rtol=0.01, atol=0.01))

    @staticmethod
    @run_on_cpu(Framework.TORCH)
    def _compare_pcc(
        device_output: PyTree, golden_output: PyTree, pcc_config: PccConfig
    ) -> None:
        def compute_pcc(x: torch.Tensor, y: torch.Tensor):
            x_flat, y_flat = x.flatten(), y.flatten()
            vx, vy = x_flat - x_flat.mean(), y_flat - y_flat.mean()
            denom = vx.norm() * vy.norm()

            return torch.tensor(float("nan")) if denom == 0 else (vx @ vy) / denom

        # If tensors are really close, pcc will be nan. Handle that before calculating
        # pcc.
        try:
            TorchComparator._compare_allclose(
                device_output, golden_output, pcc_config.allclose
            )
        except AssertionError:
            leaf_pccs = tree_map(compute_pcc, device_output, golden_output)
            flat_pccs, _ = tree_flatten(leaf_pccs)
            pcc = min(flat_pccs)
>           assert pcc >= pcc_config.required_pcc, (
                   ^^^^^^^^^^^^^^^^^^^^^^^^^^^^^^
                f"PCC comparison failed. "
                f"Calculated: pcc={pcc}. Required: pcc={pcc_config.required_pcc}."
            )
E           AssertionError: PCC comparison failed. Calculated: pcc=0.9631351828575134. Required: pcc=0.97.

tests/infra/comparators/torch_comparator.py:77: AssertionError
=============================== warnings summary ===============================
<frozen importlib._bootstrap>:241
  <frozen importlib._bootstrap>:241: DeprecationWarning: builtin type SwigPyPacked has no __module__ attribute

<frozen importlib._bootstrap>:241
  <frozen importlib._bootstrap>:241: DeprecationWarning: builtin type SwigPyObject has no __module__ attribute

-- Docs: https://docs.pytest.org/en/stable/how-to/capture-warnings.html
-------------- generated xml file: /__w/tt-xla/tt-xla/report_.xml --------------
============================== slowest durations ===============================
774.26s call     tests/runner/test_models.py::test_all_models[densenet/pytorch-densenet201-full-inference]
677.38s call     tests/runner/test_models.py::test_all_models[densenet/pytorch-densenet161-full-inference]
421.64s call     tests/runner/test_models.py::test_all_models[segformer/pytorch-mit_b4-full-inference]
400.07s call     tests/runner/test_models.py::test_all_models[swin/image_classification/pytorch-swin_s-full-inference]
341.86s call     tests/runner/test_models.py::test_all_models[efficientnet/pytorch-efficientnet_b3-full-inference]
337.96s call     tests/runner/test_models.py::test_all_models[monodepth2/pytorch-stereo_1024x320-full-inference]
329.14s call     tests/runner/test_models.py::test_all_models[efficientnet/pytorch-efficientnet_b2-full-inference]
319.24s call     tests/runner/test_models.py::test_all_models[yolov6/pytorch-yolov6s-full-inference]
304.74s call     tests/runner/test_models.py::test_all_models[efficientnet/pytorch-hf_hub_timm_efficientnetv2_rw_s_ra2_in1k-full-inference]
283.13s call     tests/runner/test_models.py::test_all_models[yolov8/pytorch-yolov8n-full-inference]
273.22s call     tests/runner/test_models.py::test_all_models[mobilenetv3/pytorch-mobilenet_v3_large-full-inference]
239.78s call     tests/runner/test_models.py::test_all_models[mobilenetv3/pytorch-mobilenetv3_small_100-full-inference]
225.58s call     tests/runner/test_models.py::test_all_models[phi2/sequence_classification/pytorch-microsoft/phi-2-full-inference]
217.36s call     tests/runner/test_models.py::test_all_models[stereo/pytorch-small-full-inference]
174.78s call     tests/runner/test_models.py::test_all_models[qwen_3/causal_lm/pytorch-0_6b-full-inference]
169.19s call     tests/runner/test_models.py::test_all_models[wide_resnet/pytorch-wide_resnet101_2-full-inference]
164.41s call     tests/runner/test_models.py::test_all_models[qwen_2_5_coder/pytorch-1_5b-full-inference]
160.55s call     tests/runner/test_models.py::test_all_models[wide_resnet/pytorch-wide_resnet101_2.timm-full-inference]
160.50s call     tests/runner/test_models.py::test_all_models[resnext/pytorch-resnext101_64x4d_osmr-full-inference]
156.91s call     tests/runner/test_models.py::test_all_models[dla/pytorch-dla34.in1k-full-inference]
137.91s call     tests/runner/test_models.py::test_all_models[resnet/pytorch-resnet50_timm-full-inference]
132.10s call     tests/runner/test_models.py::test_all_models[regnet/pytorch-regnet_x_800mf-full-inference]
130.87s call     tests/runner/test_models.py::test_all_models[nbeats/pytorch-generic_basis-full-inference]
126.87s call     tests/runner/test_models.py::test_all_models[mistral/pytorch-ministral_3b_instruct-full-inference]
121.05s call     tests/runner/test_models.py::test_all_models[albert/masked_lm/pytorch-xlarge_v1-full-inference]
119.06s call     tests/runner/test_models.py::test_all_models[t5/pytorch-t5-small-full-inference]
116.22s call     tests/runner/test_models.py::test_all_models[vgg/pytorch-bn_vgg19b-full-inference]
103.81s call     tests/runner/test_models.py::test_all_models[opt/causal_lm/pytorch-facebook/opt-125m-full-inference]
95.16s call     tests/runner/test_models.py::test_all_models[vit/pytorch-base-full-inference]
88.53s call     tests/runner/test_models.py::test_all_models[deit/pytorch-tiny-full-inference]
81.93s call     tests/runner/test_models.py::test_all_models[dpr/question_encoder/pytorch-facebook/dpr-question_encoder-single-nq-base-full-inference]
79.94s call     tests/runner/test_models.py::test_all_models[vgg/pytorch-vgg19-full-inference]
78.02s call     tests/runner/test_models.py::test_all_models[mlp_mixer/pytorch-mixer_b16_224_miil_in21k-full-inference]
67.03s call     tests/runner/test_models.py::test_all_models[mlp_mixer/pytorch-mixer_s16_224-full-inference]
26.93s call     tests/runner/test_models.py::test_all_models[autoencoder/pytorch-linear-full-inference]
2.43s teardown tests/runner/test_models.py::test_all_models[stereo/pytorch-small-full-inference]
2.20s teardown tests/runner/test_models.py::test_all_models[densenet/pytorch-densenet201-full-inference]
2.07s teardown tests/runner/test_models.py::test_all_models[segformer/pytorch-mit_b4-full-inference]
1.92s teardown tests/runner/test_models.py::test_all_models[qwen_2_5_coder/pytorch-1_5b-full-inference]
1.89s teardown tests/runner/test_models.py::test_all_models[phi2/sequence_classification/pytorch-microsoft/phi-2-full-inference]
1.58s teardown tests/runner/test_models.py::test_all_models[densenet/pytorch-densenet161-full-inference]
1.41s teardown tests/runner/test_models.py::test_all_models[qwen_3/causal_lm/pytorch-0_6b-full-inference]
1.40s teardown tests/runner/test_models.py::test_all_models[mistral/pytorch-ministral_3b_instruct-full-inference]
1.17s teardown tests/runner/test_models.py::test_all_models[swin/image_classification/pytorch-swin_s-full-inference]
1.10s teardown tests/runner/test_models.py::test_all_models[t5/pytorch-t5-small-full-inference]
1.05s teardown tests/runner/test_models.py::test_all_models[dla/pytorch-dla34.in1k-full-inference]
1.03s teardown tests/runner/test_models.py::test_all_models[mobilenetv3/pytorch-mobilenet_v3_large-full-inference]
0.93s teardown tests/runner/test_models.py::test_all_models[wide_resnet/pytorch-wide_resnet101_2.timm-full-inference]
0.93s teardown tests/runner/test_models.py::test_all_models[mlp_mixer/pytorch-mixer_b16_224_miil_in21k-full-inference]
0.92s teardown tests/runner/test_models.py::test_all_models[vgg/pytorch-vgg19-full-inference]
0.88s teardown tests/runner/test_models.py::test_all_models[mlp_mixer/pytorch-mixer_s16_224-full-inference]
0.87s teardown tests/runner/test_models.py::test_all_models[monodepth2/pytorch-stereo_1024x320-full-inference]
0.81s teardown tests/runner/test_models.py::test_all_models[efficientnet/pytorch-hf_hub_timm_efficientnetv2_rw_s_ra2_in1k-full-inference]
0.80s teardown tests/runner/test_models.py::test_all_models[nbeats/pytorch-generic_basis-full-inference]
0.79s teardown tests/runner/test_models.py::test_all_models[efficientnet/pytorch-efficientnet_b3-full-inference]
0.79s teardown tests/runner/test_models.py::test_all_models[yolov8/pytorch-yolov8n-full-inference]
0.76s teardown tests/runner/test_models.py::test_all_models[yolov6/pytorch-yolov6s-full-inference]
0.75s teardown tests/runner/test_models.py::test_all_models[wide_resnet/pytorch-wide_resnet101_2-full-inference]
0.74s teardown tests/runner/test_models.py::test_all_models[resnext/pytorch-resnext101_64x4d_osmr-full-inference]
0.69s teardown tests/runner/test_models.py::test_all_models[efficientnet/pytorch-efficientnet_b2-full-inference]
0.66s teardown tests/runner/test_models.py::test_all_models[dpr/question_encoder/pytorch-facebook/dpr-question_encoder-single-nq-base-full-inference]
0.65s teardown tests/runner/test_models.py::test_all_models[vit/pytorch-base-full-inference]
0.64s teardown tests/runner/test_models.py::test_all_models[opt/causal_lm/pytorch-facebook/opt-125m-full-inference]
0.63s teardown tests/runner/test_models.py::test_all_models[resnet/pytorch-resnet50_timm-full-inference]
0.61s teardown tests/runner/test_models.py::test_all_models[deit/pytorch-tiny-full-inference]
0.61s teardown tests/runner/test_models.py::test_all_models[mobilenetv3/pytorch-mobilenetv3_small_100-full-inference]
0.59s teardown tests/runner/test_models.py::test_all_models[albert/masked_lm/pytorch-xlarge_v1-full-inference]
0.58s teardown tests/runner/test_models.py::test_all_models[vgg/pytorch-bn_vgg19b-full-inference]
0.53s teardown tests/runner/test_models.py::test_all_models[regnet/pytorch-regnet_x_800mf-full-inference]
0.53s teardown tests/runner/test_models.py::test_all_models[autoencoder/pytorch-linear-full-inference]
0.01s setup    tests/runner/test_models.py::test_all_models[dla/pytorch-dla34.in1k-full-inference]
0.01s setup    tests/runner/test_models.py::test_all_models[vgg/pytorch-bn_vgg19b-full-inference]
0.01s setup    tests/runner/test_models.py::test_all_models[albert/masked_lm/pytorch-xlarge_v1-full-inference]
0.01s setup    tests/runner/test_models.py::test_all_models[nbeats/pytorch-generic_basis-full-inference]
0.01s setup    tests/runner/test_models.py::test_all_models[yolov6/pytorch-yolov6s-full-inference]
0.01s setup    tests/runner/test_models.py::test_all_models[opt/causal_lm/pytorch-facebook/opt-125m-full-inference]
0.01s setup    tests/runner/test_models.py::test_all_models[vgg/pytorch-vgg19-full-inference]
0.01s setup    tests/runner/test_models.py::test_all_models[deit/pytorch-tiny-full-inference]
0.01s setup    tests/runner/test_models.py::test_all_models[phi2/sequence_classification/pytorch-microsoft/phi-2-full-inference]
0.01s setup    tests/runner/test_models.py::test_all_models[densenet/pytorch-densenet161-full-inference]
0.01s setup    tests/runner/test_models.py::test_all_models[resnext/pytorch-resnext101_64x4d_osmr-full-inference]
0.01s setup    tests/runner/test_models.py::test_all_models[resnet/pytorch-resnet50_timm-full-inference]
0.01s setup    tests/runner/test_models.py::test_all_models[densenet/pytorch-densenet201-full-inference]
0.01s setup    tests/runner/test_models.py::test_all_models[qwen_2_5_coder/pytorch-1_5b-full-inference]
0.01s setup    tests/runner/test_models.py::test_all_models[t5/pytorch-t5-small-full-inference]
0.01s setup    tests/runner/test_models.py::test_all_models[regnet/pytorch-regnet_x_800mf-full-inference]
0.01s setup    tests/runner/test_models.py::test_all_models[yolov8/pytorch-yolov8n-full-inference]
0.01s setup    tests/runner/test_models.py::test_all_models[mistral/pytorch-ministral_3b_instruct-full-inference]
0.01s setup    tests/runner/test_models.py::test_all_models[mlp_mixer/pytorch-mixer_s16_224-full-inference]
0.01s setup    tests/runner/test_models.py::test_all_models[autoencoder/pytorch-linear-full-inference]
0.01s setup    tests/runner/test_models.py::test_all_models[swin/image_classification/pytorch-swin_s-full-inference]
0.01s setup    tests/runner/test_models.py::test_all_models[qwen_3/causal_lm/pytorch-0_6b-full-inference]
0.01s setup    tests/runner/test_models.py::test_all_models[segformer/pytorch-mit_b4-full-inference]
0.01s setup    tests/runner/test_models.py::test_all_models[efficientnet/pytorch-efficientnet_b2-full-inference]
0.01s setup    tests/runner/test_models.py::test_all_models[wide_resnet/pytorch-wide_resnet101_2.timm-full-inference]
0.01s setup    tests/runner/test_models.py::test_all_models[monodepth2/pytorch-stereo_1024x320-full-inference]
0.01s setup    tests/runner/test_models.py::test_all_models[mobilenetv3/pytorch-mobilenetv3_small_100-full-inference]
0.01s setup    tests/runner/test_models.py::test_all_models[dpr/question_encoder/pytorch-facebook/dpr-question_encoder-single-nq-base-full-inference]
0.01s setup    tests/runner/test_models.py::test_all_models[efficientnet/pytorch-hf_hub_timm_efficientnetv2_rw_s_ra2_in1k-full-inference]
0.01s setup    tests/runner/test_models.py::test_all_models[mobilenetv3/pytorch-mobilenet_v3_large-full-inference]
0.01s setup    tests/runner/test_models.py::test_all_models[mlp_mixer/pytorch-mixer_b16_224_miil_in21k-full-inference]
0.01s setup    tests/runner/test_models.py::test_all_models[wide_resnet/pytorch-wide_resnet101_2-full-inference]
0.01s setup    tests/runner/test_models.py::test_all_models[efficientnet/pytorch-efficientnet_b3-full-inference]
0.01s setup    tests/runner/test_models.py::test_all_models[stereo/pytorch-small-full-inference]
0.01s setup    tests/runner/test_models.py::test_all_models[vit/pytorch-base-full-inference]
=========================== short test summary info ============================
FAILED tests/runner/test_models.py::test_all_models[mlp_mixer/pytorch-mixer_b16_224_miil_in21k-full-inference]
==== 1 failed, 34 passed, 502 deselected, 2 warnings in 7681.19s (2:08:01) =====
