WARNING:root:Defaulting to PJRT_DEVICE=CPU
Using TT-Metal from wheel package: /__w/tt-xla/tt-xla/venv/lib/python3.11/site-packages/pjrt_plugin_tt/tt-metal
WARNING: TT plugin is setting XLA_STABLEHLO_COMPILE to 1. This is required for TT PJRT plugin to work correctly.
============================= test session starts ==============================
platform linux -- Python 3.11.13, pytest-8.4.2, pluggy-1.6.0 -- /__w/tt-xla/tt-xla/venv/bin/python
cachedir: .pytest_cache
rootdir: /__w/tt-xla/tt-xla
configfile: pytest.ini
plugins: split-0.10.0, forked-1.6.0, jaxtyping-0.3.2
collecting ... Workaround to exclude model: suryaocr from discovery. Issue #1166


[pytest-split] Splitting tests with algorithm: least_duration
[pytest-split] Running group 7/10 (estimated duration: 3927.73s)

collected 537 items / 501 deselected / 36 selected

tests/runner/test_models.py::test_all_models[xception/pytorch-xception41-full-inference] PASSED
tests/runner/test_models.py::test_all_models[dla/pytorch-dla46x_c-full-inference] PASSED
tests/runner/test_models.py::test_all_models[dla/pytorch-dla60x_c-full-inference] PASSED
tests/runner/test_models.py::test_all_models[vit/pytorch-vit_b_32-full-inference] PASSED
tests/runner/test_models.py::test_all_models[dpr/context_encoder/pytorch-facebook/dpr-ctx_encoder-multiset-base-full-inference] PASSED
tests/runner/test_models.py::test_all_models[swin/masked_image_modeling/pytorch-microsoft/swinv2-tiny-patch4-window8-256-full-inference] PASSED
tests/runner/test_models.py::test_all_models[qwen_1_5/causal_lm/pytorch-0_5b-full-inference] PASSED
tests/runner/test_models.py::test_all_models[qwen_1_5/causal_lm/pytorch-0_5b_chat-full-inference] PASSED
tests/runner/test_models.py::test_all_models[phi3/phi_3_5/pytorch-mini_instruct-full-inference] PASSED
tests/runner/test_models.py::test_all_models[rcnn/pytorch-alexnet-full-inference] PASSED
tests/runner/test_models.py::test_all_models[regnet/pytorch-regnet_y_400mf-full-inference] PASSED
tests/runner/test_models.py::test_all_models[regnet/pytorch-regnet_y_8gf-full-inference] PASSED
tests/runner/test_models.py::test_all_models[mobilenetv2/pytorch-mobilenet_v2-full-inference] PASSED
tests/runner/test_models.py::test_all_models[inception/pytorch-inception_v4.tf_in1k-full-inference] PASSED
tests/runner/test_models.py::test_all_models[inception/pytorch-inceptionv4-full-inference] PASSED
tests/runner/test_models.py::test_all_models[perceiver/pytorch-deepmind/language-perceiver-full-inference] PASSED
tests/runner/test_models.py::test_all_models[segformer/pytorch-mit_b5-full-inference] PASSED
tests/runner/test_models.py::test_all_models[segformer/semantic_segmentation/pytorch-b3_finetuned_ade_512_512-full-inference] PASSED
tests/runner/test_models.py::test_all_models[segformer/semantic_segmentation/pytorch-b4_finetuned_ade_512_512-full-inference] PASSED
tests/runner/test_models.py::test_all_models[hrnet/pytorch-hrnet_w64-full-inference] PASSED
tests/runner/test_models.py::test_all_models[falcon/pytorch-tiiuae/Falcon3-3B-Base-full-inference] PASSED
tests/runner/test_models.py::test_all_models[albert/masked_lm/pytorch-base_v2-full-inference] PASSED
tests/runner/test_models.py::test_all_models[albert/masked_lm/pytorch-xlarge_v2-full-inference] PASSED
tests/runner/test_models.py::test_all_models[albert/token_classification/pytorch-large_v2-full-inference] PASSED
tests/runner/test_models.py::test_all_models[vgg/pytorch-torchvision_vgg11_bn-full-inference] PASSED
tests/runner/test_models.py::test_all_models[vgg/pytorch-torchvision_vgg19_bn-full-inference] PASSED
tests/runner/test_models.py::test_all_models[vovnet/pytorch-vovnet57-full-inference] PASSED
tests/runner/test_models.py::test_all_models[vovnet/pytorch-ese_vovnet39b-full-inference] PASSED
tests/runner/test_models.py::test_all_models[vovnet/pytorch-ese_vovnet19b_dw.ra_in1k-full-inference] PASSED
tests/runner/test_models.py::test_all_models[phi1_5/token_classification/pytorch-microsoft/phi-1_5-full-inference] PASSED
tests/runner/test_models.py::test_all_models[efficientnet_lite/pytorch-tf_efficientnet_lite1.in1k-full-inference] PASSED
tests/runner/test_models.py::test_all_models[deepcogito/pytorch-v1_preview_llama_3b-full-inference] PASSED
tests/runner/test_models.py::test_all_models[efficientnet/pytorch-efficientnet_b4-full-inference] PASSED
tests/runner/test_models.py::test_all_models[resnext/pytorch-resnext26_32x4d_osmr-full-inference] PASSED
tests/runner/test_models.py::test_all_models[llama/sequence_classification/pytorch-llama_3_2_3b_instruct-full-inference] PASSED
tests/runner/test_models.py::test_all_models[llama/causal_lm/pytorch-llama_3_2_3b_instruct-full-inference] PASSED
============================================================
DECOMPOSITION OPERATIONS LOG
============================================================
=== MODEL: xception/pytorch-xception41-full-inference ===
decomposition_core_aten: profiler._record_function_enter_new.default
decomposition_core_aten: aten.conv2d.default
decomposition_core_aten: aten._propagate_xla_data.default
decomposition_custom: adaptive_avg_pool2d.default
decomposition_core_aten: aten.linear.default
decomposition_default: _native_batch_norm_legit_no_training.default
decomposition_default: _native_batch_norm_legit.default
decomposition_default: _to_copy.default
decomposition_default: _adaptive_avg_pool2d.default
decomposition_custom: avg_pool2d.default
decomposition_default: t.default
decomposition_core_aten: aten.transpose.int
decomposition_default: addmm.default
decomposition_core_aten: profiler._record_function_exit._RecordFunction

=== MODEL: dla/pytorch-dla46x_c-full-inference ===
decomposition_core_aten: profiler._record_function_enter_new.default
decomposition_core_aten: aten.conv2d.default
decomposition_core_aten: aten._propagate_xla_data.default
decomposition_core_aten: aten.max_pool2d.default
decomposition_default: _native_batch_norm_legit_no_training.default
decomposition_default: _native_batch_norm_legit.default
decomposition_default: _to_copy.default
decomposition_custom: avg_pool2d.default
decomposition_core_aten: profiler._record_function_exit._RecordFunction

=== MODEL: dla/pytorch-dla60x_c-full-inference ===
decomposition_core_aten: profiler._record_function_enter_new.default
decomposition_core_aten: aten.conv2d.default
decomposition_core_aten: aten._propagate_xla_data.default
decomposition_core_aten: aten.max_pool2d.default
decomposition_default: _native_batch_norm_legit_no_training.default
decomposition_default: _native_batch_norm_legit.default
decomposition_default: _to_copy.default
decomposition_custom: avg_pool2d.default
decomposition_core_aten: profiler._record_function_exit._RecordFunction

=== MODEL: vit/pytorch-vit_b_32-full-inference ===
decomposition_core_aten: profiler._record_function_enter_new.default
decomposition_core_aten: aten.conv2d.default
decomposition_core_aten: aten.layer_norm.default
decomposition_core_aten: aten.var_mean.dim
decomposition_core_aten: aten.linear.default
decomposition_core_aten: aten.matmul.default
decomposition_core_aten: aten.scaled_dot_product_attention.default
decomposition_core_aten: aten._scaled_dot_product_attention_math.default
decomposition_default: native_layer_norm.default
decomposition_default: _to_copy.default
decomposition_core_aten: aten.transpose.int
decomposition_default: t.default
decomposition_core_aten: aten._unsafe_view.default
decomposition_core_aten: aten.squeeze.dim
decomposition_default: squeeze.dims
decomposition_custom: squeeze.default
decomposition_core_aten: aten._safe_softmax.default
decomposition_core_aten: aten.softmax.int
decomposition_core_aten: aten.all.dim
decomposition_core_aten: aten.zeros_like.default
decomposition_default: addmm.default
decomposition_core_aten: profiler._record_function_exit._RecordFunction

=== MODEL: dpr/context_encoder/pytorch-facebook/dpr-ctx_encoder-multiset-base-full-inference ===
decomposition_core_aten: profiler._record_function_enter_new.default
decomposition_core_aten: aten._propagate_xla_data.default
decomposition_core_aten: aten.layer_norm.default
decomposition_core_aten: aten.var_mean.dim
decomposition_core_aten: aten.linear.default
decomposition_core_aten: aten.matmul.default
decomposition_core_aten: aten.softmax.int
decomposition_default: native_layer_norm.default
decomposition_default: _to_copy.default
decomposition_core_aten: aten.rsub.Scalar
decomposition_default: t.default
decomposition_core_aten: aten.transpose.int
decomposition_core_aten: aten._unsafe_view.default
decomposition_core_aten: profiler._record_function_exit._RecordFunction

=== MODEL: swin/masked_image_modeling/pytorch-microsoft/swinv2-tiny-patch4-window8-256-full-inference ===
decomposition_core_aten: profiler._record_function_enter_new.default
decomposition_core_aten: aten.conv2d.default
decomposition_core_aten: aten.layer_norm.default
decomposition_core_aten: aten.var_mean.dim
decomposition_core_aten: aten.pad.default
decomposition_core_aten: aten.linear.default
decomposition_core_aten: aten.matmul.default
decomposition_core_aten: aten._propagate_xla_data.default
decomposition_core_aten: aten.softmax.int
decomposition_core_aten: aten.transpose.int
decomposition_default: native_layer_norm.default
decomposition_default: _to_copy.default
decomposition_default: t.default
decomposition_core_aten: aten._unsafe_view.default
decomposition_default: norm.ScalarOpt_dim
decomposition_core_aten: aten.clamp_min.default
decomposition_core_aten: aten.roll.default
decomposition_core_aten: aten.arange.default
decomposition_core_aten: aten.zeros.default
decomposition_default: full.default
decomposition_core_aten: aten.fill.Scalar
decomposition_core_aten: aten.fill.Tensor
decomposition_default: slice_scatter.default
decomposition_core_aten: aten.floor_divide.default
decomposition_core_aten: aten.ones.default
decomposition_core_aten: aten._unsafe_masked_index.default
decomposition_default: _unsafe_index.Tensor
decomposition_default: masked_fill.Scalar
decomposition_core_aten: aten.where.ScalarSelf
decomposition_core_aten: aten.pixel_shuffle.default
decomposition_core_aten: profiler._record_function_exit._RecordFunction

=== MODEL: qwen_1_5/causal_lm/pytorch-0_5b-full-inference ===
decomposition_core_aten: profiler._record_function_enter_new.default
decomposition_core_aten: aten.arange.start
decomposition_core_aten: profiler._record_function_exit._RecordFunction
decomposition_core_aten: profiler._record_function_enter_new.default
decomposition_default: full.default
decomposition_core_aten: aten.fill.Scalar
decomposition_core_aten: aten.arange.default
decomposition_core_aten: profiler._record_function_exit._RecordFunction
decomposition_core_aten: profiler._record_function_enter_new.default
decomposition_core_aten: aten.matmul.default
decomposition_core_aten: aten.linear.default
decomposition_core_aten: aten.softmax.int
decomposition_default: _to_copy.default
decomposition_core_aten: aten.transpose.int
decomposition_default: t.default
decomposition_core_aten: aten._unsafe_view.default
decomposition_core_aten: aten.silu.default
decomposition_core_aten: profiler._record_function_exit._RecordFunction
decomposition_core_aten: profiler._record_function_enter_new.default
decomposition_core_aten: aten.linear.default
decomposition_core_aten: aten.matmul.default
decomposition_core_aten: aten.transpose.int
decomposition_core_aten: aten._unsafe_view.default
decomposition_core_aten: profiler._record_function_exit._RecordFunction

=== MODEL: qwen_1_5/causal_lm/pytorch-0_5b_chat-full-inference ===
decomposition_core_aten: profiler._record_function_enter_new.default
decomposition_core_aten: aten.arange.start
decomposition_core_aten: profiler._record_function_exit._RecordFunction
decomposition_core_aten: profiler._record_function_enter_new.default
decomposition_default: full.default
decomposition_core_aten: aten.fill.Scalar
decomposition_core_aten: aten.arange.default
decomposition_core_aten: profiler._record_function_exit._RecordFunction
decomposition_core_aten: profiler._record_function_enter_new.default
decomposition_core_aten: aten.matmul.default
decomposition_core_aten: aten.linear.default
decomposition_core_aten: aten.softmax.int
decomposition_default: _to_copy.default
decomposition_core_aten: aten.transpose.int
decomposition_default: t.default
decomposition_core_aten: aten._unsafe_view.default
decomposition_core_aten: aten.silu.default
decomposition_core_aten: profiler._record_function_exit._RecordFunction
decomposition_core_aten: profiler._record_function_enter_new.default
decomposition_core_aten: aten.linear.default
decomposition_core_aten: aten.matmul.default
decomposition_core_aten: aten.transpose.int
decomposition_core_aten: aten._unsafe_view.default
decomposition_core_aten: profiler._record_function_exit._RecordFunction

=== MODEL: phi3/phi_3_5/pytorch-mini_instruct-full-inference ===
decomposition_core_aten: profiler._record_function_enter_new.default
decomposition_core_aten: aten.arange.start
decomposition_core_aten: profiler._record_function_exit._RecordFunction
decomposition_core_aten: profiler._record_function_enter_new.default
decomposition_default: full.default
decomposition_core_aten: aten.fill.Scalar
decomposition_core_aten: aten.arange.default
decomposition_core_aten: profiler._record_function_exit._RecordFunction
decomposition_core_aten: profiler._record_function_enter_new.default
decomposition_core_aten: profiler._record_function_exit._RecordFunction
decomposition_core_aten: profiler._record_function_enter_new.default
decomposition_default: _to_copy.default
decomposition_core_aten: profiler._record_function_exit._RecordFunction
decomposition_core_aten: profiler._record_function_enter_new.default
decomposition_core_aten: aten.matmul.default
decomposition_core_aten: aten.transpose.int
decomposition_core_aten: profiler._record_function_exit._RecordFunction
decomposition_core_aten: profiler._record_function_enter_new.default
decomposition_core_aten: aten.linear.default
decomposition_core_aten: aten.matmul.default
decomposition_core_aten: aten.softmax.int
decomposition_default: t.default
decomposition_core_aten: aten.transpose.int
decomposition_core_aten: aten._unsafe_view.default
decomposition_default: split.Tensor
decomposition_custom: split_with_sizes.default
decomposition_core_aten: aten.silu.default
decomposition_core_aten: profiler._record_function_exit._RecordFunction
decomposition_core_aten: profiler._record_function_enter_new.default
decomposition_core_aten: aten.linear.default
decomposition_core_aten: aten.matmul.default
decomposition_core_aten: aten.transpose.int
decomposition_core_aten: aten._unsafe_view.default
decomposition_core_aten: profiler._record_function_exit._RecordFunction

=== MODEL: rcnn/pytorch-alexnet-full-inference ===
decomposition_core_aten: profiler._record_function_enter_new.default
decomposition_core_aten: aten.conv2d.default
decomposition_core_aten: aten._propagate_xla_data.default
decomposition_core_aten: aten.max_pool2d.default
decomposition_custom: adaptive_avg_pool2d.default
decomposition_core_aten: aten.linear.default
decomposition_default: _adaptive_avg_pool2d.default
decomposition_default: _to_copy.default
decomposition_custom: avg_pool2d.default
decomposition_default: t.default
decomposition_core_aten: aten.transpose.int
decomposition_default: addmm.default
decomposition_core_aten: profiler._record_function_exit._RecordFunction

=== MODEL: regnet/pytorch-regnet_y_400mf-full-inference ===
decomposition_core_aten: profiler._record_function_enter_new.default
decomposition_core_aten: aten.conv2d.default
decomposition_core_aten: aten._propagate_xla_data.default
decomposition_custom: adaptive_avg_pool2d.default
decomposition_core_aten: aten.linear.default
decomposition_default: _native_batch_norm_legit_no_training.default
decomposition_default: _native_batch_norm_legit.default
decomposition_default: _to_copy.default
decomposition_default: _adaptive_avg_pool2d.default
decomposition_custom: avg_pool2d.default
decomposition_default: t.default
decomposition_core_aten: aten.transpose.int
decomposition_default: addmm.default
decomposition_core_aten: profiler._record_function_exit._RecordFunction

=== MODEL: regnet/pytorch-regnet_y_8gf-full-inference ===
decomposition_core_aten: profiler._record_function_enter_new.default
decomposition_core_aten: aten.conv2d.default
decomposition_core_aten: aten._propagate_xla_data.default
decomposition_custom: adaptive_avg_pool2d.default
decomposition_core_aten: aten.linear.default
decomposition_default: _native_batch_norm_legit_no_training.default
decomposition_default: _native_batch_norm_legit.default
decomposition_default: _to_copy.default
decomposition_default: _adaptive_avg_pool2d.default
decomposition_custom: avg_pool2d.default
decomposition_default: t.default
decomposition_core_aten: aten.transpose.int
decomposition_default: addmm.default
decomposition_core_aten: profiler._record_function_exit._RecordFunction

=== MODEL: mobilenetv2/pytorch-mobilenet_v2-full-inference ===
decomposition_core_aten: profiler._record_function_enter_new.default
decomposition_core_aten: aten.conv2d.default
decomposition_core_aten: aten._propagate_xla_data.default
decomposition_custom: adaptive_avg_pool2d.default
decomposition_core_aten: aten.linear.default
decomposition_default: _native_batch_norm_legit_no_training.default
decomposition_default: _native_batch_norm_legit.default
decomposition_default: _to_copy.default
decomposition_default: _adaptive_avg_pool2d.default
decomposition_custom: avg_pool2d.default
decomposition_default: t.default
decomposition_core_aten: aten.transpose.int
decomposition_default: addmm.default
decomposition_core_aten: profiler._record_function_exit._RecordFunction

=== MODEL: inception/pytorch-inception_v4.tf_in1k-full-inference ===
decomposition_core_aten: profiler._record_function_enter_new.default
decomposition_core_aten: aten.conv2d.default
decomposition_core_aten: aten._propagate_xla_data.default
decomposition_core_aten: aten.max_pool2d.default
decomposition_custom: adaptive_avg_pool2d.default
decomposition_core_aten: aten.linear.default
decomposition_default: _native_batch_norm_legit_no_training.default
decomposition_default: _native_batch_norm_legit.default
decomposition_default: _to_copy.default
decomposition_custom: avg_pool2d.default
decomposition_default: _adaptive_avg_pool2d.default
decomposition_default: t.default
decomposition_core_aten: aten.transpose.int
decomposition_default: addmm.default
decomposition_core_aten: profiler._record_function_exit._RecordFunction

=== MODEL: inception/pytorch-inceptionv4-full-inference ===
decomposition_core_aten: profiler._record_function_enter_new.default
decomposition_core_aten: aten.conv2d.default
decomposition_core_aten: aten._propagate_xla_data.default
decomposition_core_aten: aten.max_pool2d.default
decomposition_core_aten: aten.linear.default
decomposition_default: _native_batch_norm_legit_no_training.default
decomposition_default: _native_batch_norm_legit.default
decomposition_default: _to_copy.default
decomposition_custom: avg_pool2d.default
decomposition_default: t.default
decomposition_core_aten: aten.transpose.int
decomposition_default: addmm.default
decomposition_core_aten: profiler._record_function_exit._RecordFunction

=== MODEL: perceiver/pytorch-deepmind/language-perceiver-full-inference ===
decomposition_core_aten: profiler._record_function_enter_new.default
decomposition_core_aten: aten.layer_norm.default
decomposition_core_aten: aten.var_mean.dim
decomposition_core_aten: aten.linear.default
decomposition_core_aten: aten.matmul.default
decomposition_core_aten: aten.softmax.int
decomposition_core_aten: aten.arange.start
decomposition_default: _to_copy.default
decomposition_core_aten: aten.rsub.Scalar
decomposition_default: native_layer_norm.default
decomposition_default: t.default
decomposition_core_aten: aten.transpose.int
decomposition_core_aten: aten._unsafe_view.default
decomposition_core_aten: profiler._record_function_exit._RecordFunction

=== MODEL: segformer/pytorch-mit_b5-full-inference ===
decomposition_core_aten: profiler._record_function_enter_new.default
decomposition_core_aten: aten.conv2d.default
decomposition_core_aten: aten.layer_norm.default
decomposition_core_aten: aten.var_mean.dim
decomposition_core_aten: aten.linear.default
decomposition_core_aten: aten.matmul.default
decomposition_core_aten: aten.softmax.int
decomposition_core_aten: aten.transpose.int
decomposition_default: native_layer_norm.default
decomposition_default: _to_copy.default
decomposition_default: t.default
decomposition_core_aten: aten._unsafe_view.default
decomposition_default: addmm.default
decomposition_core_aten: profiler._record_function_exit._RecordFunction

=== MODEL: segformer/semantic_segmentation/pytorch-b3_finetuned_ade_512_512-full-inference ===
decomposition_core_aten: profiler._record_function_enter_new.default
decomposition_core_aten: aten.conv2d.default
decomposition_core_aten: aten.layer_norm.default
decomposition_core_aten: aten.var_mean.dim
decomposition_core_aten: aten.linear.default
decomposition_core_aten: aten.matmul.default
decomposition_core_aten: aten.softmax.int
decomposition_custom: upsample_bilinear2d.vec
decomposition_core_aten: aten.where.ScalarOther
decomposition_core_aten: aten.divide.Tensor
decomposition_core_aten: aten.transpose.int
decomposition_default: native_layer_norm.default
decomposition_default: _to_copy.default
decomposition_default: t.default
decomposition_core_aten: aten._unsafe_view.default
decomposition_core_aten: aten.arange.default
decomposition_core_aten: aten.rsub.Scalar
decomposition_default: _native_batch_norm_legit_no_training.default
decomposition_default: _native_batch_norm_legit.default
decomposition_core_aten: profiler._record_function_exit._RecordFunction

=== MODEL: segformer/semantic_segmentation/pytorch-b4_finetuned_ade_512_512-full-inference ===
decomposition_core_aten: profiler._record_function_enter_new.default
decomposition_core_aten: aten.conv2d.default
decomposition_core_aten: aten.layer_norm.default
decomposition_core_aten: aten.var_mean.dim
decomposition_core_aten: aten.linear.default
decomposition_core_aten: aten.matmul.default
decomposition_core_aten: aten.softmax.int
decomposition_custom: upsample_bilinear2d.vec
decomposition_core_aten: aten.where.ScalarOther
decomposition_core_aten: aten.divide.Tensor
decomposition_core_aten: aten.transpose.int
decomposition_default: native_layer_norm.default
decomposition_default: _to_copy.default
decomposition_default: t.default
decomposition_core_aten: aten._unsafe_view.default
decomposition_core_aten: aten.arange.default
decomposition_core_aten: aten.rsub.Scalar
decomposition_default: _native_batch_norm_legit_no_training.default
decomposition_default: _native_batch_norm_legit.default
decomposition_core_aten: profiler._record_function_exit._RecordFunction

=== MODEL: hrnet/pytorch-hrnet_w64-full-inference ===
decomposition_core_aten: profiler._record_function_enter_new.default
decomposition_core_aten: aten.conv2d.default
decomposition_core_aten: aten._propagate_xla_data.default
decomposition_custom: upsample_nearest2d.vec
decomposition_core_aten: aten.one_hot.default
decomposition_core_aten: aten.matmul.default
decomposition_custom: adaptive_avg_pool2d.default
decomposition_core_aten: aten.linear.default
decomposition_default: _native_batch_norm_legit_no_training.default
decomposition_default: _native_batch_norm_legit.default
decomposition_default: _to_copy.default
decomposition_core_aten: aten.arange.default
decomposition_core_aten: aten.transpose.int
decomposition_default: _adaptive_avg_pool2d.default
decomposition_custom: avg_pool2d.default
decomposition_default: t.default
decomposition_default: addmm.default
decomposition_core_aten: profiler._record_function_exit._RecordFunction

=== MODEL: falcon/pytorch-tiiuae/Falcon3-3B-Base-full-inference ===
decomposition_core_aten: profiler._record_function_enter_new.default
decomposition_core_aten: aten._propagate_xla_data.default
decomposition_core_aten: aten.matmul.default
decomposition_core_aten: aten.linear.default
decomposition_core_aten: aten.softmax.int
decomposition_core_aten: aten.arange.start
decomposition_default: full.default
decomposition_core_aten: aten.fill.Scalar
decomposition_core_aten: aten.triu.default
decomposition_core_aten: aten.arange.default
decomposition_core_aten: aten.where.ScalarOther
decomposition_default: _to_copy.default
decomposition_core_aten: aten.transpose.int
decomposition_default: t.default
decomposition_core_aten: aten._unsafe_view.default
decomposition_core_aten: aten.silu.default
decomposition_core_aten: profiler._record_function_exit._RecordFunction

=== MODEL: albert/masked_lm/pytorch-base_v2-full-inference ===
decomposition_core_aten: profiler._record_function_enter_new.default
decomposition_core_aten: aten._propagate_xla_data.default
decomposition_core_aten: aten.layer_norm.default
decomposition_core_aten: aten.var_mean.dim
decomposition_core_aten: aten.linear.default
decomposition_core_aten: aten.matmul.default
decomposition_core_aten: aten.softmax.int
decomposition_default: native_layer_norm.default
decomposition_default: _to_copy.default
decomposition_core_aten: aten.rsub.Scalar
decomposition_default: t.default
decomposition_core_aten: aten.transpose.int
decomposition_core_aten: aten._unsafe_view.default
decomposition_core_aten: profiler._record_function_exit._RecordFunction

=== MODEL: albert/masked_lm/pytorch-xlarge_v2-full-inference ===
decomposition_core_aten: profiler._record_function_enter_new.default
decomposition_core_aten: aten._propagate_xla_data.default
decomposition_core_aten: aten.layer_norm.default
decomposition_core_aten: aten.var_mean.dim
decomposition_core_aten: aten.linear.default
decomposition_core_aten: aten.matmul.default
decomposition_core_aten: aten.softmax.int
decomposition_default: native_layer_norm.default
decomposition_default: _to_copy.default
decomposition_core_aten: aten.rsub.Scalar
decomposition_default: t.default
decomposition_core_aten: aten.transpose.int
decomposition_core_aten: aten._unsafe_view.default
decomposition_core_aten: profiler._record_function_exit._RecordFunction

=== MODEL: albert/token_classification/pytorch-large_v2-full-inference ===
decomposition_core_aten: profiler._record_function_enter_new.default
decomposition_core_aten: aten._propagate_xla_data.default
decomposition_core_aten: aten.layer_norm.default
decomposition_core_aten: aten.var_mean.dim
decomposition_core_aten: aten.linear.default
decomposition_core_aten: aten.matmul.default
decomposition_core_aten: aten.softmax.int
decomposition_default: native_layer_norm.default
decomposition_default: _to_copy.default
decomposition_core_aten: aten.rsub.Scalar
decomposition_default: t.default
decomposition_core_aten: aten.transpose.int
decomposition_core_aten: aten._unsafe_view.default
decomposition_core_aten: profiler._record_function_exit._RecordFunction

=== MODEL: vgg/pytorch-torchvision_vgg11_bn-full-inference ===
decomposition_core_aten: profiler._record_function_enter_new.default
decomposition_core_aten: aten.conv2d.default
decomposition_core_aten: aten._propagate_xla_data.default
decomposition_core_aten: aten.max_pool2d.default
decomposition_custom: adaptive_avg_pool2d.default
decomposition_core_aten: aten.linear.default
decomposition_default: _native_batch_norm_legit_no_training.default
decomposition_default: _native_batch_norm_legit.default
decomposition_default: _to_copy.default
decomposition_default: _adaptive_avg_pool2d.default
decomposition_custom: avg_pool2d.default
decomposition_default: t.default
decomposition_core_aten: aten.transpose.int
decomposition_default: addmm.default
decomposition_core_aten: profiler._record_function_exit._RecordFunction

=== MODEL: vgg/pytorch-torchvision_vgg19_bn-full-inference ===
decomposition_core_aten: profiler._record_function_enter_new.default
decomposition_core_aten: aten.conv2d.default
decomposition_core_aten: aten._propagate_xla_data.default
decomposition_core_aten: aten.max_pool2d.default
decomposition_custom: adaptive_avg_pool2d.default
decomposition_core_aten: aten.linear.default
decomposition_default: _native_batch_norm_legit_no_training.default
decomposition_default: _native_batch_norm_legit.default
decomposition_default: _to_copy.default
decomposition_default: _adaptive_avg_pool2d.default
decomposition_custom: avg_pool2d.default
decomposition_default: t.default
decomposition_core_aten: aten.transpose.int
decomposition_default: addmm.default
decomposition_core_aten: profiler._record_function_exit._RecordFunction

=== MODEL: vovnet/pytorch-vovnet57-full-inference ===
decomposition_core_aten: profiler._record_function_enter_new.default
decomposition_core_aten: aten.conv2d.default
decomposition_core_aten: aten._propagate_xla_data.default
decomposition_core_aten: aten.max_pool2d.default
decomposition_core_aten: aten.linear.default
decomposition_default: _native_batch_norm_legit_no_training.default
decomposition_default: _native_batch_norm_legit.default
decomposition_default: _to_copy.default
decomposition_custom: avg_pool2d.default
decomposition_default: t.default
decomposition_core_aten: aten.transpose.int
decomposition_default: addmm.default
decomposition_core_aten: profiler._record_function_exit._RecordFunction

=== MODEL: vovnet/pytorch-ese_vovnet39b-full-inference ===
decomposition_core_aten: profiler._record_function_enter_new.default
decomposition_core_aten: aten.conv2d.default
decomposition_core_aten: aten._propagate_xla_data.default
decomposition_core_aten: aten.max_pool2d.default
decomposition_custom: adaptive_avg_pool2d.default
decomposition_core_aten: aten.linear.default
decomposition_default: _native_batch_norm_legit_no_training.default
decomposition_default: _native_batch_norm_legit.default
decomposition_default: _to_copy.default
decomposition_core_aten: aten.hardsigmoid.default
decomposition_default: _adaptive_avg_pool2d.default
decomposition_custom: avg_pool2d.default
decomposition_default: t.default
decomposition_core_aten: aten.transpose.int
decomposition_default: addmm.default
decomposition_core_aten: profiler._record_function_exit._RecordFunction

=== MODEL: vovnet/pytorch-ese_vovnet19b_dw.ra_in1k-full-inference ===
decomposition_core_aten: profiler._record_function_enter_new.default
decomposition_core_aten: aten.conv2d.default
decomposition_core_aten: aten._propagate_xla_data.default
decomposition_core_aten: aten.max_pool2d.default
decomposition_custom: adaptive_avg_pool2d.default
decomposition_core_aten: aten.linear.default
decomposition_default: _native_batch_norm_legit_no_training.default
decomposition_default: _native_batch_norm_legit.default
decomposition_default: _to_copy.default
decomposition_core_aten: aten.hardsigmoid.default
decomposition_default: _adaptive_avg_pool2d.default
decomposition_custom: avg_pool2d.default
decomposition_default: t.default
decomposition_core_aten: aten.transpose.int
decomposition_default: addmm.default
decomposition_core_aten: profiler._record_function_exit._RecordFunction

=== MODEL: phi1_5/token_classification/pytorch-microsoft/phi-1_5-full-inference ===
decomposition_core_aten: profiler._record_function_enter_new.default
decomposition_core_aten: aten._propagate_xla_data.default
decomposition_core_aten: aten.matmul.default
decomposition_core_aten: aten.layer_norm.default
decomposition_core_aten: aten.var_mean.dim
decomposition_core_aten: aten.linear.default
decomposition_core_aten: aten.softmax.int
decomposition_core_aten: aten.arange.start
decomposition_default: full.default
decomposition_core_aten: aten.fill.Scalar
decomposition_core_aten: aten.triu.default
decomposition_core_aten: aten.arange.default
decomposition_core_aten: aten.where.ScalarOther
decomposition_default: _to_copy.default
decomposition_default: masked_fill.Scalar
decomposition_core_aten: aten.where.ScalarSelf
decomposition_default: slice_scatter.default
decomposition_core_aten: aten.transpose.int
decomposition_default: native_layer_norm.default
decomposition_default: t.default
decomposition_core_aten: aten._unsafe_view.default
decomposition_core_aten: profiler._record_function_exit._RecordFunction

=== MODEL: efficientnet_lite/pytorch-tf_efficientnet_lite1.in1k-full-inference ===
decomposition_core_aten: profiler._record_function_enter_new.default
decomposition_core_aten: aten.pad.default
decomposition_core_aten: aten.conv2d.default
decomposition_core_aten: aten._propagate_xla_data.default
decomposition_custom: adaptive_avg_pool2d.default
decomposition_core_aten: aten.linear.default
decomposition_default: _native_batch_norm_legit_no_training.default
decomposition_default: _native_batch_norm_legit.default
decomposition_default: _to_copy.default
decomposition_default: _adaptive_avg_pool2d.default
decomposition_custom: avg_pool2d.default
decomposition_default: t.default
decomposition_core_aten: aten.transpose.int
decomposition_default: addmm.default
decomposition_core_aten: profiler._record_function_exit._RecordFunction

=== MODEL: deepcogito/pytorch-v1_preview_llama_3b-full-inference ===
decomposition_core_aten: profiler._record_function_enter_new.default
decomposition_core_aten: aten._propagate_xla_data.default
decomposition_core_aten: aten.matmul.default
decomposition_core_aten: aten.linear.default
decomposition_core_aten: aten.softmax.int
decomposition_core_aten: aten.arange.start
decomposition_default: full.default
decomposition_core_aten: aten.fill.Scalar
decomposition_core_aten: aten.triu.default
decomposition_core_aten: aten.arange.default
decomposition_core_aten: aten.where.ScalarOther
decomposition_default: _to_copy.default
decomposition_default: masked_fill.Scalar
decomposition_core_aten: aten.where.ScalarSelf
decomposition_default: slice_scatter.default
decomposition_core_aten: aten.transpose.int
decomposition_default: t.default
decomposition_core_aten: aten._unsafe_view.default
decomposition_core_aten: aten.silu.default
decomposition_core_aten: profiler._record_function_exit._RecordFunction

=== MODEL: efficientnet/pytorch-efficientnet_b4-full-inference ===
decomposition_core_aten: profiler._record_function_enter_new.default
decomposition_core_aten: aten.conv2d.default
decomposition_core_aten: aten._propagate_xla_data.default
decomposition_custom: adaptive_avg_pool2d.default
decomposition_core_aten: aten.linear.default
decomposition_default: _native_batch_norm_legit_no_training.default
decomposition_default: _native_batch_norm_legit.default
decomposition_default: _to_copy.default
decomposition_core_aten: aten.silu.default
decomposition_default: _adaptive_avg_pool2d.default
decomposition_custom: avg_pool2d.default
decomposition_default: t.default
decomposition_core_aten: aten.transpose.int
decomposition_default: addmm.default
decomposition_core_aten: profiler._record_function_exit._RecordFunction

=== MODEL: resnext/pytorch-resnext26_32x4d_osmr-full-inference ===
decomposition_core_aten: profiler._record_function_enter_new.default
decomposition_core_aten: aten.conv2d.default
decomposition_core_aten: aten._propagate_xla_data.default
decomposition_core_aten: aten.max_pool2d.default
decomposition_core_aten: aten.linear.default
decomposition_default: _native_batch_norm_legit_no_training.default
decomposition_default: _native_batch_norm_legit.default
decomposition_default: _to_copy.default
decomposition_custom: avg_pool2d.default
decomposition_default: t.default
decomposition_core_aten: aten.transpose.int
decomposition_default: addmm.default
decomposition_core_aten: profiler._record_function_exit._RecordFunction

=== MODEL: llama/sequence_classification/pytorch-llama_3_2_3b_instruct-full-inference ===
decomposition_core_aten: profiler._record_function_enter_new.default
decomposition_core_aten: aten._propagate_xla_data.default
decomposition_core_aten: aten.matmul.default
decomposition_core_aten: aten.linear.default
decomposition_core_aten: aten.softmax.int
decomposition_core_aten: aten.arange.start
decomposition_default: full.default
decomposition_core_aten: aten.fill.Scalar
decomposition_core_aten: aten.triu.default
decomposition_core_aten: aten.arange.default
decomposition_core_aten: aten.where.ScalarOther
decomposition_default: _to_copy.default
decomposition_default: masked_fill.Scalar
decomposition_core_aten: aten.where.ScalarSelf
decomposition_default: slice_scatter.default
decomposition_core_aten: aten.transpose.int
decomposition_default: t.default
decomposition_core_aten: aten._unsafe_view.default
decomposition_core_aten: aten.silu.default
decomposition_core_aten: profiler._record_function_exit._RecordFunction

=== MODEL: llama/causal_lm/pytorch-llama_3_2_3b_instruct-full-inference ===
decomposition_core_aten: profiler._record_function_enter_new.default
decomposition_core_aten: aten._propagate_xla_data.default
decomposition_core_aten: aten.matmul.default
decomposition_core_aten: aten.linear.default
decomposition_core_aten: aten.softmax.int
decomposition_core_aten: aten.arange.start
decomposition_default: full.default
decomposition_core_aten: aten.fill.Scalar
decomposition_core_aten: aten.triu.default
decomposition_core_aten: aten.arange.default
decomposition_core_aten: aten.where.ScalarOther
decomposition_default: _to_copy.default
decomposition_default: masked_fill.Scalar
decomposition_core_aten: aten.where.ScalarSelf
decomposition_default: slice_scatter.default
decomposition_core_aten: aten.transpose.int
decomposition_default: t.default
decomposition_core_aten: aten._unsafe_view.default
decomposition_core_aten: aten.silu.default
decomposition_core_aten: profiler._record_function_exit._RecordFunction
============================================================



=============================== warnings summary ===============================
<frozen importlib._bootstrap>:241
  <frozen importlib._bootstrap>:241: DeprecationWarning: builtin type SwigPyPacked has no __module__ attribute

<frozen importlib._bootstrap>:241
  <frozen importlib._bootstrap>:241: DeprecationWarning: builtin type SwigPyObject has no __module__ attribute

-- Docs: https://docs.pytest.org/en/stable/how-to/capture-warnings.html
-------- generated xml file: /__w/tt-xla/tt-xla/report_50513912953.xml ---------
============================== slowest durations ===============================
523.30s call     tests/runner/test_models.py::test_all_models[segformer/pytorch-mit_b5-full-inference]
474.20s call     tests/runner/test_models.py::test_all_models[segformer/semantic_segmentation/pytorch-b4_finetuned_ade_512_512-full-inference]
435.68s call     tests/runner/test_models.py::test_all_models[hrnet/pytorch-hrnet_w64-full-inference]
366.37s call     tests/runner/test_models.py::test_all_models[segformer/semantic_segmentation/pytorch-b3_finetuned_ade_512_512-full-inference]
340.31s call     tests/runner/test_models.py::test_all_models[efficientnet/pytorch-efficientnet_b4-full-inference]
283.70s call     tests/runner/test_models.py::test_all_models[swin/masked_image_modeling/pytorch-microsoft/swinv2-tiny-patch4-window8-256-full-inference]
274.71s call     tests/runner/test_models.py::test_all_models[inception/pytorch-inception_v4.tf_in1k-full-inference]
269.04s call     tests/runner/test_models.py::test_all_models[efficientnet_lite/pytorch-tf_efficientnet_lite1.in1k-full-inference]
263.14s call     tests/runner/test_models.py::test_all_models[inception/pytorch-inceptionv4-full-inference]
249.28s call     tests/runner/test_models.py::test_all_models[llama/causal_lm/pytorch-llama_3_2_3b_instruct-full-inference]
232.41s call     tests/runner/test_models.py::test_all_models[phi3/phi_3_5/pytorch-mini_instruct-full-inference]
198.12s call     tests/runner/test_models.py::test_all_models[mobilenetv2/pytorch-mobilenet_v2-full-inference]
188.05s call     tests/runner/test_models.py::test_all_models[xception/pytorch-xception41-full-inference]
185.61s call     tests/runner/test_models.py::test_all_models[deepcogito/pytorch-v1_preview_llama_3b-full-inference]
184.46s call     tests/runner/test_models.py::test_all_models[vovnet/pytorch-ese_vovnet19b_dw.ra_in1k-full-inference]
182.37s call     tests/runner/test_models.py::test_all_models[vovnet/pytorch-ese_vovnet39b-full-inference]
181.72s call     tests/runner/test_models.py::test_all_models[phi1_5/token_classification/pytorch-microsoft/phi-1_5-full-inference]
173.96s call     tests/runner/test_models.py::test_all_models[regnet/pytorch-regnet_y_8gf-full-inference]
167.50s call     tests/runner/test_models.py::test_all_models[perceiver/pytorch-deepmind/language-perceiver-full-inference]
165.06s call     tests/runner/test_models.py::test_all_models[llama/sequence_classification/pytorch-llama_3_2_3b_instruct-full-inference]
161.40s call     tests/runner/test_models.py::test_all_models[regnet/pytorch-regnet_y_400mf-full-inference]
154.35s call     tests/runner/test_models.py::test_all_models[vovnet/pytorch-vovnet57-full-inference]
149.60s call     tests/runner/test_models.py::test_all_models[dla/pytorch-dla60x_c-full-inference]
145.95s call     tests/runner/test_models.py::test_all_models[falcon/pytorch-tiiuae/Falcon3-3B-Base-full-inference]
142.87s call     tests/runner/test_models.py::test_all_models[dla/pytorch-dla46x_c-full-inference]
121.02s call     tests/runner/test_models.py::test_all_models[albert/masked_lm/pytorch-xlarge_v2-full-inference]
119.20s call     tests/runner/test_models.py::test_all_models[qwen_1_5/causal_lm/pytorch-0_5b-full-inference]
119.09s call     tests/runner/test_models.py::test_all_models[resnext/pytorch-resnext26_32x4d_osmr-full-inference]
118.81s call     tests/runner/test_models.py::test_all_models[qwen_1_5/causal_lm/pytorch-0_5b_chat-full-inference]
111.64s call     tests/runner/test_models.py::test_all_models[albert/token_classification/pytorch-large_v2-full-inference]
103.91s call     tests/runner/test_models.py::test_all_models[vgg/pytorch-torchvision_vgg19_bn-full-inference]
99.12s call     tests/runner/test_models.py::test_all_models[albert/masked_lm/pytorch-base_v2-full-inference]
98.11s call     tests/runner/test_models.py::test_all_models[vgg/pytorch-torchvision_vgg11_bn-full-inference]
95.96s call     tests/runner/test_models.py::test_all_models[vit/pytorch-vit_b_32-full-inference]
78.10s call     tests/runner/test_models.py::test_all_models[dpr/context_encoder/pytorch-facebook/dpr-ctx_encoder-multiset-base-full-inference]
56.03s call     tests/runner/test_models.py::test_all_models[rcnn/pytorch-alexnet-full-inference]
2.41s teardown tests/runner/test_models.py::test_all_models[segformer/semantic_segmentation/pytorch-b4_finetuned_ade_512_512-full-inference]
2.30s teardown tests/runner/test_models.py::test_all_models[llama/causal_lm/pytorch-llama_3_2_3b_instruct-full-inference]
2.20s teardown tests/runner/test_models.py::test_all_models[deepcogito/pytorch-v1_preview_llama_3b-full-inference]
1.94s teardown tests/runner/test_models.py::test_all_models[hrnet/pytorch-hrnet_w64-full-inference]
1.91s teardown tests/runner/test_models.py::test_all_models[inception/pytorch-inception_v4.tf_in1k-full-inference]
1.68s teardown tests/runner/test_models.py::test_all_models[llama/sequence_classification/pytorch-llama_3_2_3b_instruct-full-inference]
1.58s teardown tests/runner/test_models.py::test_all_models[segformer/pytorch-mit_b5-full-inference]
1.45s teardown tests/runner/test_models.py::test_all_models[phi3/phi_3_5/pytorch-mini_instruct-full-inference]
1.36s teardown tests/runner/test_models.py::test_all_models[albert/token_classification/pytorch-large_v2-full-inference]
1.26s teardown tests/runner/test_models.py::test_all_models[falcon/pytorch-tiiuae/Falcon3-3B-Base-full-inference]
1.11s teardown tests/runner/test_models.py::test_all_models[albert/masked_lm/pytorch-xlarge_v2-full-inference]
1.08s teardown tests/runner/test_models.py::test_all_models[vit/pytorch-vit_b_32-full-inference]
1.06s teardown tests/runner/test_models.py::test_all_models[phi1_5/token_classification/pytorch-microsoft/phi-1_5-full-inference]
1.05s teardown tests/runner/test_models.py::test_all_models[efficientnet/pytorch-efficientnet_b4-full-inference]
1.02s teardown tests/runner/test_models.py::test_all_models[segformer/semantic_segmentation/pytorch-b3_finetuned_ade_512_512-full-inference]
1.02s teardown tests/runner/test_models.py::test_all_models[qwen_1_5/causal_lm/pytorch-0_5b_chat-full-inference]
0.96s teardown tests/runner/test_models.py::test_all_models[inception/pytorch-inceptionv4-full-inference]
0.91s teardown tests/runner/test_models.py::test_all_models[perceiver/pytorch-deepmind/language-perceiver-full-inference]
0.88s teardown tests/runner/test_models.py::test_all_models[qwen_1_5/causal_lm/pytorch-0_5b-full-inference]
0.85s teardown tests/runner/test_models.py::test_all_models[swin/masked_image_modeling/pytorch-microsoft/swinv2-tiny-patch4-window8-256-full-inference]
0.82s teardown tests/runner/test_models.py::test_all_models[xception/pytorch-xception41-full-inference]
0.71s teardown tests/runner/test_models.py::test_all_models[dpr/context_encoder/pytorch-facebook/dpr-ctx_encoder-multiset-base-full-inference]
0.63s teardown tests/runner/test_models.py::test_all_models[regnet/pytorch-regnet_y_400mf-full-inference]
0.60s teardown tests/runner/test_models.py::test_all_models[dla/pytorch-dla60x_c-full-inference]
0.58s teardown tests/runner/test_models.py::test_all_models[regnet/pytorch-regnet_y_8gf-full-inference]
0.57s teardown tests/runner/test_models.py::test_all_models[albert/masked_lm/pytorch-base_v2-full-inference]
0.57s teardown tests/runner/test_models.py::test_all_models[vgg/pytorch-torchvision_vgg19_bn-full-inference]
0.56s teardown tests/runner/test_models.py::test_all_models[vovnet/pytorch-vovnet57-full-inference]
0.55s teardown tests/runner/test_models.py::test_all_models[mobilenetv2/pytorch-mobilenet_v2-full-inference]
0.54s teardown tests/runner/test_models.py::test_all_models[efficientnet_lite/pytorch-tf_efficientnet_lite1.in1k-full-inference]
0.53s teardown tests/runner/test_models.py::test_all_models[vovnet/pytorch-ese_vovnet19b_dw.ra_in1k-full-inference]
0.52s teardown tests/runner/test_models.py::test_all_models[resnext/pytorch-resnext26_32x4d_osmr-full-inference]
0.51s teardown tests/runner/test_models.py::test_all_models[vovnet/pytorch-ese_vovnet39b-full-inference]
0.50s teardown tests/runner/test_models.py::test_all_models[vgg/pytorch-torchvision_vgg11_bn-full-inference]
0.47s teardown tests/runner/test_models.py::test_all_models[dla/pytorch-dla46x_c-full-inference]
0.45s teardown tests/runner/test_models.py::test_all_models[rcnn/pytorch-alexnet-full-inference]
0.01s setup    tests/runner/test_models.py::test_all_models[hrnet/pytorch-hrnet_w64-full-inference]
0.01s setup    tests/runner/test_models.py::test_all_models[xception/pytorch-xception41-full-inference]
0.01s setup    tests/runner/test_models.py::test_all_models[falcon/pytorch-tiiuae/Falcon3-3B-Base-full-inference]
0.01s setup    tests/runner/test_models.py::test_all_models[efficientnet_lite/pytorch-tf_efficientnet_lite1.in1k-full-inference]
0.01s setup    tests/runner/test_models.py::test_all_models[vgg/pytorch-torchvision_vgg11_bn-full-inference]
0.01s setup    tests/runner/test_models.py::test_all_models[albert/token_classification/pytorch-large_v2-full-inference]
0.01s setup    tests/runner/test_models.py::test_all_models[segformer/semantic_segmentation/pytorch-b4_finetuned_ade_512_512-full-inference]
0.01s setup    tests/runner/test_models.py::test_all_models[albert/masked_lm/pytorch-xlarge_v2-full-inference]
0.01s setup    tests/runner/test_models.py::test_all_models[vgg/pytorch-torchvision_vgg19_bn-full-inference]
0.01s setup    tests/runner/test_models.py::test_all_models[deepcogito/pytorch-v1_preview_llama_3b-full-inference]
0.01s setup    tests/runner/test_models.py::test_all_models[segformer/semantic_segmentation/pytorch-b3_finetuned_ade_512_512-full-inference]
0.01s setup    tests/runner/test_models.py::test_all_models[albert/masked_lm/pytorch-base_v2-full-inference]
0.01s setup    tests/runner/test_models.py::test_all_models[dla/pytorch-dla46x_c-full-inference]
0.01s setup    tests/runner/test_models.py::test_all_models[swin/masked_image_modeling/pytorch-microsoft/swinv2-tiny-patch4-window8-256-full-inference]
0.01s setup    tests/runner/test_models.py::test_all_models[segformer/pytorch-mit_b5-full-inference]
0.01s setup    tests/runner/test_models.py::test_all_models[vovnet/pytorch-vovnet57-full-inference]
0.01s setup    tests/runner/test_models.py::test_all_models[phi3/phi_3_5/pytorch-mini_instruct-full-inference]
0.01s setup    tests/runner/test_models.py::test_all_models[inception/pytorch-inceptionv4-full-inference]
0.01s setup    tests/runner/test_models.py::test_all_models[qwen_1_5/causal_lm/pytorch-0_5b_chat-full-inference]
0.01s setup    tests/runner/test_models.py::test_all_models[regnet/pytorch-regnet_y_8gf-full-inference]
0.01s setup    tests/runner/test_models.py::test_all_models[dla/pytorch-dla60x_c-full-inference]
0.01s setup    tests/runner/test_models.py::test_all_models[llama/causal_lm/pytorch-llama_3_2_3b_instruct-full-inference]
0.01s setup    tests/runner/test_models.py::test_all_models[resnext/pytorch-resnext26_32x4d_osmr-full-inference]
0.01s setup    tests/runner/test_models.py::test_all_models[phi1_5/token_classification/pytorch-microsoft/phi-1_5-full-inference]
0.01s setup    tests/runner/test_models.py::test_all_models[llama/sequence_classification/pytorch-llama_3_2_3b_instruct-full-inference]
0.01s setup    tests/runner/test_models.py::test_all_models[vovnet/pytorch-ese_vovnet39b-full-inference]
0.01s setup    tests/runner/test_models.py::test_all_models[efficientnet/pytorch-efficientnet_b4-full-inference]
0.01s setup    tests/runner/test_models.py::test_all_models[perceiver/pytorch-deepmind/language-perceiver-full-inference]
0.01s setup    tests/runner/test_models.py::test_all_models[regnet/pytorch-regnet_y_400mf-full-inference]
0.01s setup    tests/runner/test_models.py::test_all_models[rcnn/pytorch-alexnet-full-inference]
0.01s setup    tests/runner/test_models.py::test_all_models[qwen_1_5/causal_lm/pytorch-0_5b-full-inference]
0.01s setup    tests/runner/test_models.py::test_all_models[mobilenetv2/pytorch-mobilenet_v2-full-inference]
0.01s setup    tests/runner/test_models.py::test_all_models[vovnet/pytorch-ese_vovnet19b_dw.ra_in1k-full-inference]
0.01s setup    tests/runner/test_models.py::test_all_models[inception/pytorch-inception_v4.tf_in1k-full-inference]
0.01s setup    tests/runner/test_models.py::test_all_models[dpr/context_encoder/pytorch-facebook/dpr-ctx_encoder-multiset-base-full-inference]
0.01s setup    tests/runner/test_models.py::test_all_models[vit/pytorch-vit_b_32-full-inference]
========= 36 passed, 501 deselected, 2 warnings in 7259.25s (2:00:59) ==========
